{"/Users/ryannjones/NGL/validplus/src/util/debug.js":{"path":"/Users/ryannjones/NGL/validplus/src/util/debug.js","statementMap":{"0":{"start":{"line":4,"column":2},"end":{"line":6,"column":3}},"1":{"start":{"line":5,"column":4},"end":{"line":5,"column":32}},"2":{"start":{"line":8,"column":2},"end":{"line":8,"column":75}},"3":{"start":{"line":10,"column":2},"end":{"line":10,"column":14}}},"fnMap":{"0":{"name":"(anonymous_0)","decl":{"start":{"line":1,"column":56},"end":{"line":1,"column":57}},"loc":{"start":{"line":1,"column":68},"end":{"line":9,"column":1}},"line":1},"1":{"name":"(anonymous_1)","decl":{"start":{"line":9,"column":4},"end":{"line":9,"column":5}},"loc":{"start":{"line":9,"column":16},"end":{"line":11,"column":1}},"line":9}},"branchMap":{"0":{"loc":{"start":{"line":1,"column":15},"end":{"line":11,"column":1}},"type":"cond-expr","locations":[{"start":{"line":1,"column":56},"end":{"line":9,"column":1}},{"start":{"line":9,"column":4},"end":{"line":11,"column":1}}],"line":1}},"s":{"0":0,"1":0,"2":0,"3":80},"f":{"0":0,"1":80},"b":{"0":[0,1]},"inputSourceMap":{"version":3,"sources":["/Users/ryannjones/NGL/validplus/src/util/debug.js"],"names":["process","env","NODE_ENV","msg","console","log"],"mappings":"AAAA,eAAeA,OAAO,CAACC,GAAR,CAAYC,QAAZ,KAAyB,aAAzB,GACX;AAAA;;AAAA,oCAAIC,GAAJ;AAAIA,IAAAA,GAAJ;AAAA;;AAAA,SAAY,YAAAC,OAAO,EAACC,GAAR,kBAAY,SAAZ,SAA0BF,GAA1B,EAAZ;AAAA,CADW,GAEX;AAAA,SAAM,IAAN;AAAA,CAFJ","sourcesContent":["export default process.env.NODE_ENV === 'development'\n  ? (...msg) => console.log('[Debug]', ...msg)\n  : () => null\n"]},"_coverageSchema":"332fd63041d2c1bcb487cc26dd0d5f7d97098a6c","hash":"ddfb6cb93661c06564c6c1011a168f847479204a"},"/Users/ryannjones/NGL/validplus/src/util/mergeDeep.js":{"path":"/Users/ryannjones/NGL/validplus/src/util/mergeDeep.js","statementMap":{"0":{"start":{"line":5,"column":44},"end":{"line":5,"column":195}},"1":{"start":{"line":5,"column":62},"end":{"line":5,"column":166}},"2":{"start":{"line":5,"column":176},"end":{"line":5,"column":193}},"3":{"start":{"line":5,"column":196},"end":{"line":5,"column":207}},"4":{"start":{"line":7,"column":24},"end":{"line":7,"column":328}},"5":{"start":{"line":7,"column":99},"end":{"line":7,"column":154}},"6":{"start":{"line":7,"column":133},"end":{"line":7,"column":151}},"7":{"start":{"line":7,"column":164},"end":{"line":7,"column":326}},"8":{"start":{"line":7,"column":198},"end":{"line":7,"column":323}},"9":{"start":{"line":7,"column":329},"end":{"line":7,"column":349}},"10":{"start":{"line":14,"column":15},"end":{"line":16,"column":1}},"11":{"start":{"line":15,"column":2},"end":{"line":15,"column":68}},"12":{"start":{"line":24,"column":16},"end":{"line":44,"column":1}},"13":{"start":{"line":25,"column":2},"end":{"line":27,"column":3}},"14":{"start":{"line":26,"column":4},"end":{"line":26,"column":40}},"15":{"start":{"line":29,"column":2},"end":{"line":29,"column":37}},"16":{"start":{"line":29,"column":23},"end":{"line":29,"column":37}},"17":{"start":{"line":30,"column":15},"end":{"line":30,"column":30}},"18":{"start":{"line":32,"column":2},"end":{"line":41,"column":3}},"19":{"start":{"line":33,"column":4},"end":{"line":40,"column":5}},"20":{"start":{"line":34,"column":6},"end":{"line":39,"column":7}},"21":{"start":{"line":35,"column":8},"end":{"line":35,"column":78}},"22":{"start":{"line":35,"column":26},"end":{"line":35,"column":78}},"23":{"start":{"line":36,"column":8},"end":{"line":36,"column":44}},"24":{"start":{"line":38,"column":8},"end":{"line":38,"column":69}},"25":{"start":{"line":43,"column":2},"end":{"line":43,"column":59}}},"fnMap":{"0":{"name":"_defineProperty","decl":{"start":{"line":5,"column":9},"end":{"line":5,"column":24}},"loc":{"start":{"line":5,"column":42},"end":{"line":5,"column":209}},"line":5},"1":{"name":"_typeof","decl":{"start":{"line":7,"column":9},"end":{"line":7,"column":16}},"loc":{"start":{"line":7,"column":22},"end":{"line":7,"column":351}},"line":7},"2":{"name":"_typeof","decl":{"start":{"line":7,"column":118},"end":{"line":7,"column":125}},"loc":{"start":{"line":7,"column":131},"end":{"line":7,"column":153}},"line":7},"3":{"name":"_typeof","decl":{"start":{"line":7,"column":183},"end":{"line":7,"column":190}},"loc":{"start":{"line":7,"column":196},"end":{"line":7,"column":325}},"line":7},"4":{"name":"isObject","decl":{"start":{"line":14,"column":24},"end":{"line":14,"column":32}},"loc":{"start":{"line":14,"column":39},"end":{"line":16,"column":1}},"line":14},"5":{"name":"mergeDeep","decl":{"start":{"line":24,"column":25},"end":{"line":24,"column":34}},"loc":{"start":{"line":24,"column":43},"end":{"line":44,"column":1}},"line":24}},"branchMap":{"0":{"loc":{"start":{"line":5,"column":44},"end":{"line":5,"column":195}},"type":"if","locations":[{"start":{"line":5,"column":44},"end":{"line":5,"column":195}},{"start":{"line":5,"column":44},"end":{"line":5,"column":195}}],"line":5},"1":{"loc":{"start":{"line":7,"column":24},"end":{"line":7,"column":328}},"type":"if","locations":[{"start":{"line":7,"column":24},"end":{"line":7,"column":328}},{"start":{"line":7,"column":24},"end":{"line":7,"column":328}}],"line":7},"2":{"loc":{"start":{"line":7,"column":28},"end":{"line":7,"column":95}},"type":"binary-expr","locations":[{"start":{"line":7,"column":28},"end":{"line":7,"column":56}},{"start":{"line":7,"column":60},"end":{"line":7,"column":95}}],"line":7},"3":{"loc":{"start":{"line":7,"column":205},"end":{"line":7,"column":322}},"type":"cond-expr","locations":[{"start":{"line":7,"column":301},"end":{"line":7,"column":309}},{"start":{"line":7,"column":312},"end":{"line":7,"column":322}}],"line":7},"4":{"loc":{"start":{"line":7,"column":205},"end":{"line":7,"column":298}},"type":"binary-expr","locations":[{"start":{"line":7,"column":205},"end":{"line":7,"column":208}},{"start":{"line":7,"column":212},"end":{"line":7,"column":240}},{"start":{"line":7,"column":244},"end":{"line":7,"column":270}},{"start":{"line":7,"column":274},"end":{"line":7,"column":298}}],"line":7},"5":{"loc":{"start":{"line":15,"column":9},"end":{"line":15,"column":67}},"type":"binary-expr","locations":[{"start":{"line":15,"column":9},"end":{"line":15,"column":13}},{"start":{"line":15,"column":17},"end":{"line":15,"column":43}},{"start":{"line":15,"column":47},"end":{"line":15,"column":67}}],"line":15},"6":{"loc":{"start":{"line":29,"column":2},"end":{"line":29,"column":37}},"type":"if","locations":[{"start":{"line":29,"column":2},"end":{"line":29,"column":37}},{"start":{"line":29,"column":2},"end":{"line":29,"column":37}}],"line":29},"7":{"loc":{"start":{"line":32,"column":2},"end":{"line":41,"column":3}},"type":"if","locations":[{"start":{"line":32,"column":2},"end":{"line":41,"column":3}},{"start":{"line":32,"column":2},"end":{"line":41,"column":3}}],"line":32},"8":{"loc":{"start":{"line":32,"column":6},"end":{"line":32,"column":42}},"type":"binary-expr","locations":[{"start":{"line":32,"column":6},"end":{"line":32,"column":22}},{"start":{"line":32,"column":26},"end":{"line":32,"column":42}}],"line":32},"9":{"loc":{"start":{"line":34,"column":6},"end":{"line":39,"column":7}},"type":"if","locations":[{"start":{"line":34,"column":6},"end":{"line":39,"column":7}},{"start":{"line":34,"column":6},"end":{"line":39,"column":7}}],"line":34},"10":{"loc":{"start":{"line":35,"column":8},"end":{"line":35,"column":78}},"type":"if","locations":[{"start":{"line":35,"column":8},"end":{"line":35,"column":78}},{"start":{"line":35,"column":8},"end":{"line":35,"column":78}}],"line":35}},"s":{"0":25,"1":0,"2":25,"3":25,"4":1,"5":1,"6":185,"7":0,"8":0,"9":1,"10":1,"11":201,"12":1,"13":154,"14":77,"15":154,"16":77,"17":77,"18":77,"19":64,"20":47,"21":22,"22":0,"23":22,"24":25,"25":77},"f":{"0":25,"1":1,"2":185,"3":0,"4":201,"5":154},"b":{"0":[0,25],"1":[1,0],"2":[1,1],"3":[0,0],"4":[0,0,0,0],"5":[201,185,163],"6":[77,77],"7":[64,13],"8":[77,77],"9":[22,25],"10":[0,22]},"inputSourceMap":{"version":3,"sources":["/Users/ryannjones/NGL/validplus/src/util/mergeDeep.js"],"names":["isObject","item","Array","isArray","mergeDeep","target","sources","length","source","shift","key","Object","assign"],"mappings":";;;;;;;;AAAA;;;;;AAKA,IAAMA,QAAQ,GAAG,SAAXA,QAAW,CAASC,IAAT,EAAe;AAC9B,SAAQA,IAAI,IAAI,QAAOA,IAAP,MAAgB,QAAxB,IAAoC,CAACC,KAAK,CAACC,OAAN,CAAcF,IAAd,CAA7C;AACD,CAFD;AAIA;;;;;;;AAKA,IAAMG,SAAS,GAAG,SAAZA,SAAY,CAAUC,MAAV,EAA8B;AAAA,oCAATC,OAAS;AAATA,IAAAA,OAAS;AAAA;;AAC9C,MAAI,CAACA,OAAO,CAACC,MAAb,EAAqB,OAAOF,MAAP;AACrB,MAAMG,MAAM,GAAGF,OAAO,CAACG,KAAR,EAAf;;AAEA,MAAIT,QAAQ,CAACK,MAAD,CAAR,IAAoBL,QAAQ,CAACQ,MAAD,CAAhC,EAA0C;AACxC,SAAK,IAAME,GAAX,IAAkBF,MAAlB,EAA0B;AACxB,UAAIR,QAAQ,CAACQ,MAAM,CAACE,GAAD,CAAP,CAAZ,EAA2B;AACzB,YAAI,CAACL,MAAM,CAACK,GAAD,CAAX,EAAkBC,MAAM,CAACC,MAAP,CAAcP,MAAd,sBAAyBK,GAAzB,EAA+B,EAA/B;AAClBN,QAAAA,SAAS,CAACC,MAAM,CAACK,GAAD,CAAP,EAAcF,MAAM,CAACE,GAAD,CAApB,CAAT;AACD,OAHD,MAGO;AACLC,QAAAA,MAAM,CAACC,MAAP,CAAcP,MAAd,sBAAyBK,GAAzB,EAA+BF,MAAM,CAACE,GAAD,CAArC;AACD;AACF;AACF;;AAED,SAAON,SAAS,MAAT,UAAUC,MAAV,SAAqBC,OAArB,EAAP;AACD,CAhBD;;AAkBA,eAAeF,SAAf","sourcesContent":["/**\n * Simple object check.\n * @param item\n * @returns {boolean}\n */\nconst isObject = function(item) {\n  return (item && typeof item === 'object' && !Array.isArray(item));\n}\n\n/**\n * Deep merge two objects.\n * @param target\n * @param ...sources\n */\nconst mergeDeep = function (target, ...sources) {\n  if (!sources.length) return target;\n  const source = sources.shift();\n\n  if (isObject(target) && isObject(source)) {\n    for (const key in source) {\n      if (isObject(source[key])) {\n        if (!target[key]) Object.assign(target, { [key]: {} });\n        mergeDeep(target[key], source[key]);\n      } else {\n        Object.assign(target, { [key]: source[key] });\n      }\n    }\n  }\n\n  return mergeDeep(target, ...sources);\n}\n\nexport default mergeDeep\n"]},"_coverageSchema":"332fd63041d2c1bcb487cc26dd0d5f7d97098a6c","hash":"73a16c030a3e73822979364de3cc53ef8163a25a"},"/Users/ryannjones/NGL/validplus/src/util/createEvent.js":{"path":"/Users/ryannjones/NGL/validplus/src/util/createEvent.js","statementMap":{"0":{"start":{"line":4,"column":2},"end":{"line":9,"column":3}},"1":{"start":{"line":5,"column":4},"end":{"line":5,"column":34}},"2":{"start":{"line":7,"column":4},"end":{"line":7,"column":42}},"3":{"start":{"line":8,"column":4},"end":{"line":8,"column":44}},"4":{"start":{"line":11,"column":2},"end":{"line":11,"column":15}}},"fnMap":{"0":{"name":"(anonymous_0)","decl":{"start":{"line":1,"column":16},"end":{"line":1,"column":17}},"loc":{"start":{"line":1,"column":38},"end":{"line":12,"column":1}},"line":1}},"branchMap":{"0":{"loc":{"start":{"line":4,"column":2},"end":{"line":9,"column":3}},"type":"if","locations":[{"start":{"line":4,"column":2},"end":{"line":9,"column":3}},{"start":{"line":4,"column":2},"end":{"line":9,"column":3}}],"line":4}},"s":{"0":7,"1":7,"2":0,"3":0,"4":7},"f":{"0":7},"b":{"0":[7,0]},"inputSourceMap":{"version":3,"sources":["/Users/ryannjones/NGL/validplus/src/util/createEvent.js"],"names":["event_type","event","Event","document","createEvent","initEvent"],"mappings":"AAAA,gBAAe,UAACA,UAAD,EAAgB;AAC7B,MAAIC,KAAJ;;AACA,MAAI,OAAOC,KAAP,KAAkB,UAAtB,EAAkC;AAChCD,IAAAA,KAAK,GAAG,IAAIC,KAAJ,CAAUF,UAAV,CAAR;AACD,GAFD,MAEO;AACLC,IAAAA,KAAK,GAAGE,QAAQ,CAACC,WAAT,CAAqB,OAArB,CAAR;AACAH,IAAAA,KAAK,CAACI,SAAN,CAAgBL,UAAhB,EAA4B,IAA5B,EAAkC,IAAlC;AACD;;AAED,SAAOC,KAAP;AACD,CAVD","sourcesContent":["export default (event_type) => {\n  let event\n  if (typeof(Event) === 'function') {\n    event = new Event(event_type)\n  } else {\n    event = document.createEvent('Event');\n    event.initEvent(event_type, true, true);\n  }\n\n  return event\n}\n"]},"_coverageSchema":"332fd63041d2c1bcb487cc26dd0d5f7d97098a6c","hash":"f8e3c367922caae4496f4af51d512bc3c6352131"},"/Users/ryannjones/NGL/validplus/src/lib/events.js":{"path":"/Users/ryannjones/NGL/validplus/src/lib/events.js","statementMap":{"0":{"start":{"line":1,"column":23},"end":{"line":7,"column":1}},"1":{"start":{"line":2,"column":2},"end":{"line":4,"column":3}},"2":{"start":{"line":3,"column":4},"end":{"line":3,"column":30}},"3":{"start":{"line":6,"column":2},"end":{"line":6,"column":38}},"4":{"start":{"line":9,"column":26},"end":{"line":19,"column":1}},"5":{"start":{"line":10,"column":2},"end":{"line":10,"column":40}},"6":{"start":{"line":10,"column":33},"end":{"line":10,"column":40}},"7":{"start":{"line":11,"column":14},"end":{"line":11,"column":34}},"8":{"start":{"line":13,"column":2},"end":{"line":18,"column":3}},"9":{"start":{"line":14,"column":4},"end":{"line":17,"column":5}},"10":{"start":{"line":15,"column":6},"end":{"line":15,"column":25}},"11":{"start":{"line":16,"column":6},"end":{"line":16,"column":13}},"12":{"start":{"line":21,"column":20},"end":{"line":30,"column":1}},"13":{"start":{"line":22,"column":2},"end":{"line":22,"column":51}},"14":{"start":{"line":22,"column":39},"end":{"line":22,"column":51}},"15":{"start":{"line":23,"column":14},"end":{"line":23,"column":48}},"16":{"start":{"line":25,"column":2},"end":{"line":27,"column":3}},"17":{"start":{"line":26,"column":4},"end":{"line":26,"column":37}},"18":{"start":{"line":29,"column":2},"end":{"line":29,"column":33}}},"fnMap":{"0":{"name":"addEventListener","decl":{"start":{"line":1,"column":32},"end":{"line":1,"column":48}},"loc":{"start":{"line":1,"column":65},"end":{"line":7,"column":1}},"line":1},"1":{"name":"removeEventListener","decl":{"start":{"line":9,"column":35},"end":{"line":9,"column":54}},"loc":{"start":{"line":9,"column":71},"end":{"line":19,"column":1}},"line":9},"2":{"name":"dispatchEvent","decl":{"start":{"line":21,"column":29},"end":{"line":21,"column":42}},"loc":{"start":{"line":21,"column":56},"end":{"line":30,"column":1}},"line":21}},"branchMap":{"0":{"loc":{"start":{"line":2,"column":2},"end":{"line":4,"column":3}},"type":"if","locations":[{"start":{"line":2,"column":2},"end":{"line":4,"column":3}},{"start":{"line":2,"column":2},"end":{"line":4,"column":3}}],"line":2},"1":{"loc":{"start":{"line":10,"column":2},"end":{"line":10,"column":40}},"type":"if","locations":[{"start":{"line":10,"column":2},"end":{"line":10,"column":40}},{"start":{"line":10,"column":2},"end":{"line":10,"column":40}}],"line":10},"2":{"loc":{"start":{"line":14,"column":4},"end":{"line":17,"column":5}},"type":"if","locations":[{"start":{"line":14,"column":4},"end":{"line":17,"column":5}},{"start":{"line":14,"column":4},"end":{"line":17,"column":5}}],"line":14},"3":{"loc":{"start":{"line":22,"column":2},"end":{"line":22,"column":51}},"type":"if","locations":[{"start":{"line":22,"column":2},"end":{"line":22,"column":51}},{"start":{"line":22,"column":2},"end":{"line":22,"column":51}}],"line":22}},"s":{"0":1,"1":9,"2":9,"3":9,"4":1,"5":0,"6":0,"7":0,"8":0,"9":0,"10":0,"11":0,"12":1,"13":5,"14":5,"15":0,"16":0,"17":0,"18":0},"f":{"0":9,"1":0,"2":5},"b":{"0":[9,0],"1":[0,0],"2":[0,0],"3":[5,0]},"inputSourceMap":{"version":3,"sources":["/Users/ryannjones/NGL/validplus/src/lib/events.js"],"names":["addEventListener","type","callback","listeners","push","removeEventListener","stack","i","l","length","splice","dispatchEvent","event","data","slice","call","defaultPrevented"],"mappings":"AAAA,IAAMA,gBAAgB,GAAG,SAAnBA,gBAAmB,CAAUC,IAAV,EAAgBC,QAAhB,EAA0B;AACjD,MAAI,EAAED,IAAI,IAAI,KAAKE,SAAf,CAAJ,EAA+B;AAC7B,SAAKA,SAAL,CAAeF,IAAf,IAAuB,EAAvB;AACD;;AACD,OAAKE,SAAL,CAAeF,IAAf,EAAqBG,IAArB,CAA0BF,QAA1B;AACD,CALD;;AAMA,IAAMG,mBAAmB,GAAG,SAAtBA,mBAAsB,CAAUJ,IAAV,EAAgBC,QAAhB,EAA0B;AACpD,MAAI,EAAED,IAAI,IAAI,KAAKE,SAAf,CAAJ,EAA+B;AAE/B,MAAIG,KAAK,GAAG,KAAKH,SAAL,CAAeF,IAAf,CAAZ;;AACA,OAAK,IAAIM,CAAC,GAAG,CAAR,EAAWC,CAAC,GAAGF,KAAK,CAACG,MAA1B,EAAkCF,CAAC,GAAGC,CAAtC,EAAyCD,CAAC,EAA1C,EAA8C;AAC5C,QAAID,KAAK,CAACC,CAAD,CAAL,KAAaL,QAAjB,EAA2B;AACzBI,MAAAA,KAAK,CAACI,MAAN,CAAaH,CAAb,EAAgB,CAAhB;AACA;AACD;AACF;AACF,CAVD;;AAWA,IAAMI,aAAa,GAAG,SAAhBA,aAAgB,CAAUC,KAAV,EAAiBC,IAAjB,EAAuB;AAC3C,MAAI,EAAED,KAAK,CAACX,IAAN,IAAc,KAAKE,SAArB,CAAJ,EAAqC,OAAO,IAAP;AAErC,MAAIG,KAAK,GAAG,KAAKH,SAAL,CAAeS,KAAK,CAACX,IAArB,EAA2Ba,KAA3B,EAAZ;;AACA,OAAK,IAAIP,CAAC,GAAG,CAAR,EAAWC,CAAC,GAAGF,KAAK,CAACG,MAA1B,EAAkCF,CAAC,GAAGC,CAAtC,EAAyCD,CAAC,EAA1C,EAA8C;AAC5CD,IAAAA,KAAK,CAACC,CAAD,CAAL,CAASQ,IAAT,CAAc,IAAd,EAAoBH,KAApB,EAA2BC,IAA3B;AACD;;AAED,SAAO,CAACD,KAAK,CAACI,gBAAd;AACD,CATD;;AAWA,eAAe;AACbhB,EAAAA,gBAAgB,EAAhBA,gBADa;AAEbK,EAAAA,mBAAmB,EAAnBA,mBAFa;AAGbM,EAAAA,aAAa,EAAbA;AAHa,CAAf","sourcesContent":["const addEventListener = function (type, callback) {\n  if (!(type in this.listeners)) {\n    this.listeners[type] = []\n  }\n  this.listeners[type].push(callback)\n}\nconst removeEventListener = function (type, callback) {\n  if (!(type in this.listeners)) return\n\n  let stack = this.listeners[type]\n  for (let i = 0, l = stack.length; i < l; i++) {\n    if (stack[i] === callback) {\n      stack.splice(i, 1)\n      return\n    }\n  }\n}\nconst dispatchEvent = function (event, data) {\n  if (!(event.type in this.listeners)) return true\n\n  let stack = this.listeners[event.type].slice()\n  for (let i = 0, l = stack.length; i < l; i++) {\n    stack[i].call(this, event, data)\n  }\n\n  return !event.defaultPrevented\n}\n\nexport default {\n  addEventListener,\n  removeEventListener,\n  dispatchEvent\n}\n"]},"_coverageSchema":"332fd63041d2c1bcb487cc26dd0d5f7d97098a6c","hash":"105d52635cd8b29d47de583c7c8e03286bd0929e"},"/Users/ryannjones/NGL/validplus/src/util/generateElement.js":{"path":"/Users/ryannjones/NGL/validplus/src/util/generateElement.js","statementMap":{"0":{"start":{"line":2,"column":11},"end":{"line":2,"column":40}},"1":{"start":{"line":3,"column":2},"end":{"line":3,"column":27}},"2":{"start":{"line":4,"column":2},"end":{"line":4,"column":25}},"3":{"start":{"line":5,"column":2},"end":{"line":5,"column":12}}},"fnMap":{"0":{"name":"(anonymous_0)","decl":{"start":{"line":1,"column":15},"end":{"line":1,"column":16}},"loc":{"start":{"line":1,"column":45},"end":{"line":6,"column":1}},"line":1}},"branchMap":{},"s":{"0":37,"1":37,"2":37,"3":37},"f":{"0":37},"b":{},"inputSourceMap":{"version":3,"sources":["/Users/ryannjones/NGL/validplus/src/util/generateElement.js"],"names":["message","className","el","document","createElement","innerHTML"],"mappings":"AAAA,eAAe,UAAUA,OAAV,EAAmBC,SAAnB,EAA8B;AAC3C,MAAIC,EAAE,GAAGC,QAAQ,CAACC,aAAT,CAAuB,KAAvB,CAAT;AACAF,EAAAA,EAAE,CAACD,SAAH,GAAeA,SAAf;AACAC,EAAAA,EAAE,CAACG,SAAH,GAAeL,OAAf;AAEA,SAAOE,EAAP;AACD","sourcesContent":["export default function (message, className) {\n  let el = document.createElement('div')\n  el.className = className\n  el.innerHTML = message\n\n  return el\n}\n"]},"_coverageSchema":"332fd63041d2c1bcb487cc26dd0d5f7d97098a6c","hash":"587e35198ea38f3c2bc8b11f275b8df2bcbc6ef4"},"/Users/ryannjones/NGL/validplus/src/lib/messaging.js":{"path":"/Users/ryannjones/NGL/validplus/src/lib/messaging.js","statementMap":{"0":{"start":{"line":6,"column":20},"end":{"line":12,"column":1}},"1":{"start":{"line":7,"column":2},"end":{"line":7,"column":54}},"2":{"start":{"line":7,"column":47},"end":{"line":7,"column":54}},"3":{"start":{"line":9,"column":2},"end":{"line":11,"column":3}},"4":{"start":{"line":10,"column":4},"end":{"line":10,"column":64}},"5":{"start":{"line":14,"column":20},"end":{"line":23,"column":1}},"6":{"start":{"line":15,"column":14},"end":{"line":15,"column":18}},"7":{"start":{"line":17,"column":2},"end":{"line":17,"column":54}},"8":{"start":{"line":17,"column":47},"end":{"line":17,"column":54}},"9":{"start":{"line":18,"column":2},"end":{"line":22,"column":5}},"10":{"start":{"line":19,"column":4},"end":{"line":21,"column":5}},"11":{"start":{"line":20,"column":6},"end":{"line":20,"column":44}},"12":{"start":{"line":26,"column":17},"end":{"line":58,"column":1}},"13":{"start":{"line":27,"column":2},"end":{"line":57,"column":4}},"14":{"start":{"line":28,"column":14},"end":{"line":28,"column":75}},"15":{"start":{"line":29,"column":19},"end":{"line":29,"column":36}},"16":{"start":{"line":31,"column":4},"end":{"line":56,"column":5}},"17":{"start":{"line":32,"column":22},"end":{"line":32,"column":63}},"18":{"start":{"line":34,"column":19},"end":{"line":34,"column":61}},"19":{"start":{"line":35,"column":6},"end":{"line":35,"column":47}},"20":{"start":{"line":35,"column":40},"end":{"line":35,"column":47}},"21":{"start":{"line":37,"column":6},"end":{"line":37,"column":33}},"22":{"start":{"line":39,"column":6},"end":{"line":47,"column":7}},"23":{"start":{"line":41,"column":10},"end":{"line":41,"column":36}},"24":{"start":{"line":42,"column":10},"end":{"line":42,"column":16}},"25":{"start":{"line":46,"column":10},"end":{"line":46,"column":40}},"26":{"start":{"line":49,"column":6},"end":{"line":49,"column":36}},"27":{"start":{"line":51,"column":6},"end":{"line":55,"column":7}},"28":{"start":{"line":52,"column":8},"end":{"line":52,"column":45}},"29":{"start":{"line":54,"column":8},"end":{"line":54,"column":43}}},"fnMap":{"0":{"name":"clearMessages","decl":{"start":{"line":6,"column":29},"end":{"line":6,"column":42}},"loc":{"start":{"line":6,"column":45},"end":{"line":12,"column":1}},"line":6},"1":{"name":"removeMessage","decl":{"start":{"line":14,"column":29},"end":{"line":14,"column":42}},"loc":{"start":{"line":14,"column":52},"end":{"line":23,"column":1}},"line":14},"2":{"name":"(anonymous_2)","decl":{"start":{"line":18,"column":49},"end":{"line":18,"column":50}},"loc":{"start":{"line":18,"column":66},"end":{"line":22,"column":3}},"line":18},"3":{"name":"addMessage","decl":{"start":{"line":26,"column":26},"end":{"line":26,"column":36}},"loc":{"start":{"line":26,"column":43},"end":{"line":58,"column":1}},"line":26},"4":{"name":"(anonymous_4)","decl":{"start":{"line":27,"column":9},"end":{"line":27,"column":10}},"loc":{"start":{"line":27,"column":36},"end":{"line":57,"column":3}},"line":27},"5":{"name":"(anonymous_5)","decl":{"start":{"line":51,"column":55},"end":{"line":51,"column":56}},"loc":{"start":{"line":51,"column":68},"end":{"line":53,"column":7}},"line":51}},"branchMap":{"0":{"loc":{"start":{"line":7,"column":2},"end":{"line":7,"column":54}},"type":"if","locations":[{"start":{"line":7,"column":2},"end":{"line":7,"column":54}},{"start":{"line":7,"column":2},"end":{"line":7,"column":54}}],"line":7},"1":{"loc":{"start":{"line":17,"column":2},"end":{"line":17,"column":54}},"type":"if","locations":[{"start":{"line":17,"column":2},"end":{"line":17,"column":54}},{"start":{"line":17,"column":2},"end":{"line":17,"column":54}}],"line":17},"2":{"loc":{"start":{"line":19,"column":4},"end":{"line":21,"column":5}},"type":"if","locations":[{"start":{"line":19,"column":4},"end":{"line":21,"column":5}},{"start":{"line":19,"column":4},"end":{"line":21,"column":5}}],"line":19},"3":{"loc":{"start":{"line":31,"column":4},"end":{"line":56,"column":5}},"type":"if","locations":[{"start":{"line":31,"column":4},"end":{"line":56,"column":5}},{"start":{"line":31,"column":4},"end":{"line":56,"column":5}}],"line":31},"4":{"loc":{"start":{"line":34,"column":19},"end":{"line":34,"column":61}},"type":"binary-expr","locations":[{"start":{"line":34,"column":19},"end":{"line":34,"column":45}},{"start":{"line":34,"column":49},"end":{"line":34,"column":61}}],"line":34},"5":{"loc":{"start":{"line":35,"column":6},"end":{"line":35,"column":47}},"type":"if","locations":[{"start":{"line":35,"column":6},"end":{"line":35,"column":47}},{"start":{"line":35,"column":6},"end":{"line":35,"column":47}}],"line":35},"6":{"loc":{"start":{"line":39,"column":6},"end":{"line":47,"column":7}},"type":"switch","locations":[{"start":{"line":40,"column":8},"end":{"line":42,"column":16}},{"start":{"line":44,"column":8},"end":{"line":44,"column":22}},{"start":{"line":45,"column":8},"end":{"line":46,"column":40}}],"line":39},"7":{"loc":{"start":{"line":51,"column":6},"end":{"line":55,"column":7}},"type":"if","locations":[{"start":{"line":51,"column":6},"end":{"line":55,"column":7}},{"start":{"line":51,"column":6},"end":{"line":55,"column":7}}],"line":51}},"s":{"0":1,"1":54,"2":40,"3":14,"4":13,"5":1,"6":0,"7":0,"8":0,"9":0,"10":0,"11":0,"12":1,"13":105,"14":20,"15":20,"16":20,"17":17,"18":17,"19":17,"20":0,"21":17,"22":17,"23":0,"24":0,"25":17,"26":17,"27":3,"28":0,"29":3},"f":{"0":54,"1":0,"2":0,"3":105,"4":20,"5":0},"b":{"0":[40,14],"1":[0,0],"2":[0,0],"3":[17,3],"4":[17,17],"5":[0,17],"6":[0,17,17],"7":[3,0]},"inputSourceMap":{"version":3,"sources":["/Users/ryannjones/NGL/validplus/src/lib/messaging.js"],"names":["generateElement","clearMessages","_messageNode","Element","firstChild","removeChild","removeMessage","message","Array","from","children","forEach","child","innerHTML","addMessage","base","status","msg","messages","_messages","anchor","options","messageAnchor","element","appendChild","messagePOS","prepend","every","m"],"mappings":";;;AAAA,OAAOA,eAAP,MAA4B,yBAA5B;;AAEA,IAAMC,aAAa,GAAG,SAAhBA,aAAgB,GAAY;AAChC,MAAI,EAAE,KAAKC,YAAL,YAA6BC,OAA/B,CAAJ,EAA6C;;AAE7C,SAAM,KAAKD,YAAL,CAAkBE,UAAxB,EAAoC;AAClC,SAAKF,YAAL,CAAkBG,WAAlB,CAA8B,KAAKH,YAAL,CAAkBE,UAAhD;AACD;AACF,CAND;;AAQA,IAAME,aAAa,GAAG,SAAhBA,aAAgB,CAAUC,OAAV,EAAmB;AAAA;;AACvC,MAAI,EAAE,KAAKL,YAAL,YAA6BC,OAA/B,CAAJ,EAA6C;AAE7CK,EAAAA,KAAK,CAACC,IAAN,CAAW,KAAKP,YAAL,CAAkBQ,QAA7B,EAAuCC,OAAvC,CAA+C,UAAAC,KAAK,EAAI;AACtD,QAAIA,KAAK,CAACC,SAAN,KAAoBN,OAAxB,EAAiC;AAC/B,MAAA,KAAI,CAACL,YAAL,CAAkBG,WAAlB,CAA8BO,KAA9B;AACD;AACF,GAJD;AAKD,CARD,C,CAUA;;;AACA,IAAME,UAAU,GAAG,SAAbA,UAAa,CAAUC,IAAV,EAAgB;AACjC,SAAO,UAAUR,OAAV,EAAmBS,MAAnB,EAA2B;AAChC,QAAIC,GAAG,GAAGjB,eAAe,CAACO,OAAD,YAAaQ,IAAb,cAAqBC,MAArB,EAAzB;AACA,QAAIE,QAAQ,GAAG,KAAKhB,YAApB;;AAEA,QAAIgB,QAAQ,KAAK,IAAjB,EAAuB;AACrB,UAAIC,SAAS,GAAGnB,eAAe,CAAC,EAAD,YAAQe,IAAR,OAA/B;;AACA,UAAIK,MAAM,GAAG,KAAKC,OAAL,CAAaC,aAAb,IAA8B,KAAKC,OAAhD;AACA,UAAI,EAAEH,MAAM,YAAYjB,OAApB,CAAJ,EAAkC;;AAElCgB,MAAAA,SAAS,CAACK,WAAV,CAAsBP,GAAtB;;AACA,cAAQ,KAAKI,OAAL,CAAaI,UAArB;AACE,aAAK,KAAL;AACEL,UAAAA,MAAM,CAACM,OAAP,CAAeP,SAAf;AACA;;AACF,aAAK,QAAL;AACA;AACEC,UAAAA,MAAM,CAACI,WAAP,CAAmBL,SAAnB;AANJ;;AASA,WAAKjB,YAAL,GAAoBiB,SAApB;AACD,KAhBD,MAgBO;AACL,UAAIX,KAAK,CAACC,IAAN,CAAW,KAAKP,YAAL,CAAkBQ,QAA7B,EACDiB,KADC,CACK,UAAAC,CAAC;AAAA,eAAIA,CAAC,CAACf,SAAF,KAAgBI,GAAG,CAACJ,SAAxB;AAAA,OADN,CAAJ,EAC8C;AAC5C,aAAKX,YAAL,CAAkBsB,WAAlB,CAA8BP,GAA9B;AACD;AACF;AACF,GA1BD;AA2BD,CA5BD;;AA8BA,eAAe;AACbhB,EAAAA,aAAa,EAAbA,aADa;AAEbK,EAAAA,aAAa,EAAbA,aAFa;AAGbQ,EAAAA,UAAU,EAAVA;AAHa,CAAf","sourcesContent":["import generateElement from '../util/generateElement'\n\nconst clearMessages = function () {\n  if (!(this._messageNode instanceof Element)) return\n\n  while(this._messageNode.firstChild) {\n    this._messageNode.removeChild(this._messageNode.firstChild)\n  }\n}\n\nconst removeMessage = function (message) {\n  if (!(this._messageNode instanceof Element)) return\n\n  Array.from(this._messageNode.children).forEach(child => {\n    if (child.innerHTML === message) {\n      this._messageNode.removeChild(child)\n    }\n  })\n}\n\n// Externally expects element, messageNode as instance\nconst addMessage = function (base) {\n  return function (message, status) {\n    let msg = generateElement(message, `${base} ${status}`)\n    let messages = this._messageNode\n\n    if (messages === null) {\n      let _messages = generateElement('', `${base}s`)\n      let anchor = this.options.messageAnchor || this.element\n      if (!(anchor instanceof Element)) return\n\n      _messages.appendChild(msg)\n      switch (this.options.messagePOS) {\n        case 'top':\n          anchor.prepend(_messages)\n          break;\n        case 'bottom':\n        default:\n          anchor.appendChild(_messages)\n      }\n\n      this._messageNode = _messages\n    } else {\n      if (Array.from(this._messageNode.children)\n        .every(m => m.innerHTML !== msg.innerHTML)) {\n        this._messageNode.appendChild(msg)\n      }\n    }\n  }\n}\n\nexport default {\n  clearMessages,\n  removeMessage,\n  addMessage\n}\n"]},"_coverageSchema":"332fd63041d2c1bcb487cc26dd0d5f7d97098a6c","hash":"7f6055111abce556dd2424a0e89dec27da3eab42"},"/Users/ryannjones/NGL/validplus/src/Field.js":{"path":"/Users/ryannjones/NGL/validplus/src/Field.js","statementMap":{"0":{"start":{"line":17,"column":20},"end":{"line":27,"column":1}},"1":{"start":{"line":18,"column":2},"end":{"line":26,"column":9}},"2":{"start":{"line":19,"column":16},"end":{"line":19,"column":24}},"3":{"start":{"line":21,"column":4},"end":{"line":23,"column":5}},"4":{"start":{"line":22,"column":6},"end":{"line":22,"column":26}},"5":{"start":{"line":25,"column":4},"end":{"line":25,"column":18}},"6":{"start":{"line":29,"column":18},"end":{"line":31,"column":1}},"7":{"start":{"line":30,"column":2},"end":{"line":30,"column":54}},"8":{"start":{"line":33,"column":16},"end":{"line":39,"column":1}},"9":{"start":{"line":34,"column":12},"end":{"line":34,"column":84}},"10":{"start":{"line":35,"column":2},"end":{"line":35,"column":68}},"11":{"start":{"line":35,"column":57},"end":{"line":35,"column":68}},"12":{"start":{"line":36,"column":2},"end":{"line":36,"column":51}},"13":{"start":{"line":36,"column":39},"end":{"line":36,"column":51}},"14":{"start":{"line":37,"column":2},"end":{"line":37,"column":53}},"15":{"start":{"line":37,"column":40},"end":{"line":37,"column":53}},"16":{"start":{"line":38,"column":2},"end":{"line":38,"column":18}},"17":{"start":{"line":41,"column":20},"end":{"line":45,"column":1}},"18":{"start":{"line":42,"column":2},"end":{"line":44,"column":4}},"19":{"start":{"line":43,"column":4},"end":{"line":43,"column":49}},"20":{"start":{"line":47,"column":14},"end":{"line":146,"column":1}},"21":{"start":{"line":48,"column":14},"end":{"line":48,"column":18}},"22":{"start":{"line":50,"column":19},"end":{"line":50,"column":89}},"23":{"start":{"line":52,"column":2},"end":{"line":54,"column":3}},"24":{"start":{"line":53,"column":4},"end":{"line":53,"column":76}},"25":{"start":{"line":56,"column":2},"end":{"line":56,"column":20}},"26":{"start":{"line":57,"column":2},"end":{"line":57,"column":25}},"27":{"start":{"line":58,"column":2},"end":{"line":58,"column":22}},"28":{"start":{"line":59,"column":2},"end":{"line":59,"column":26}},"29":{"start":{"line":60,"column":2},"end":{"line":81,"column":14}},"30":{"start":{"line":82,"column":2},"end":{"line":91,"column":17}},"31":{"start":{"line":92,"column":2},"end":{"line":92,"column":34}},"32":{"start":{"line":93,"column":2},"end":{"line":93,"column":27}},"33":{"start":{"line":94,"column":2},"end":{"line":94,"column":22}},"34":{"start":{"line":95,"column":2},"end":{"line":95,"column":23}},"35":{"start":{"line":96,"column":2},"end":{"line":96,"column":22}},"36":{"start":{"line":97,"column":2},"end":{"line":97,"column":18}},"37":{"start":{"line":99,"column":2},"end":{"line":145,"column":3}},"38":{"start":{"line":100,"column":4},"end":{"line":134,"column":5}},"39":{"start":{"line":101,"column":6},"end":{"line":133,"column":7}},"40":{"start":{"line":102,"column":8},"end":{"line":116,"column":11}},"41":{"start":{"line":103,"column":10},"end":{"line":105,"column":11}},"42":{"start":{"line":104,"column":12},"end":{"line":104,"column":32}},"43":{"start":{"line":107,"column":10},"end":{"line":115,"column":11}},"44":{"start":{"line":108,"column":23},"end":{"line":108,"column":46}},"45":{"start":{"line":110,"column":24},"end":{"line":110,"column":39}},"46":{"start":{"line":112,"column":12},"end":{"line":114,"column":13}},"47":{"start":{"line":113,"column":14},"end":{"line":113,"column":68}},"48":{"start":{"line":118,"column":8},"end":{"line":132,"column":11}},"49":{"start":{"line":119,"column":10},"end":{"line":121,"column":11}},"50":{"start":{"line":120,"column":12},"end":{"line":120,"column":32}},"51":{"start":{"line":123,"column":10},"end":{"line":131,"column":11}},"52":{"start":{"line":124,"column":23},"end":{"line":124,"column":46}},"53":{"start":{"line":126,"column":24},"end":{"line":126,"column":39}},"54":{"start":{"line":128,"column":12},"end":{"line":130,"column":13}},"55":{"start":{"line":129,"column":14},"end":{"line":129,"column":68}},"56":{"start":{"line":136,"column":4},"end":{"line":144,"column":5}},"57":{"start":{"line":137,"column":6},"end":{"line":143,"column":9}},"58":{"start":{"line":138,"column":8},"end":{"line":138,"column":28}},"59":{"start":{"line":140,"column":20},"end":{"line":140,"column":35}},"60":{"start":{"line":142,"column":8},"end":{"line":142,"column":62}},"61":{"start":{"line":148,"column":0},"end":{"line":169,"column":2}},"62":{"start":{"line":149,"column":2},"end":{"line":151,"column":3}},"63":{"start":{"line":150,"column":4},"end":{"line":150,"column":70}},"64":{"start":{"line":153,"column":19},"end":{"line":160,"column":4}},"65":{"start":{"line":161,"column":14},"end":{"line":161,"column":141}},"66":{"start":{"line":162,"column":2},"end":{"line":168,"column":4}},"67":{"start":{"line":171,"column":0},"end":{"line":198,"column":2}},"68":{"start":{"line":172,"column":2},"end":{"line":172,"column":37}},"69":{"start":{"line":173,"column":14},"end":{"line":173,"column":56}},"70":{"start":{"line":174,"column":15},"end":{"line":174,"column":58}},"71":{"start":{"line":175,"column":17},"end":{"line":175,"column":62}},"72":{"start":{"line":176,"column":2},"end":{"line":176,"column":62}},"73":{"start":{"line":176,"column":24},"end":{"line":176,"column":62}},"74":{"start":{"line":177,"column":2},"end":{"line":177,"column":65}},"75":{"start":{"line":177,"column":25},"end":{"line":177,"column":65}},"76":{"start":{"line":178,"column":2},"end":{"line":178,"column":71}},"77":{"start":{"line":178,"column":27},"end":{"line":178,"column":71}},"78":{"start":{"line":179,"column":2},"end":{"line":179,"column":89}},"79":{"start":{"line":200,"column":0},"end":{"line":313,"column":2}},"80":{"start":{"line":201,"column":15},"end":{"line":201,"column":19}},"81":{"start":{"line":203,"column":2},"end":{"line":203,"column":27}},"82":{"start":{"line":205,"column":2},"end":{"line":207,"column":3}},"83":{"start":{"line":206,"column":4},"end":{"line":206,"column":70}},"84":{"start":{"line":209,"column":19},"end":{"line":209,"column":36}},"85":{"start":{"line":210,"column":14},"end":{"line":210,"column":30}},"86":{"start":{"line":211,"column":16},"end":{"line":211,"column":34}},"87":{"start":{"line":212,"column":16},"end":{"line":212,"column":34}},"88":{"start":{"line":213,"column":15},"end":{"line":213,"column":32}},"89":{"start":{"line":214,"column":13},"end":{"line":214,"column":28}},"90":{"start":{"line":215,"column":13},"end":{"line":215,"column":28}},"91":{"start":{"line":216,"column":14},"end":{"line":216,"column":30}},"92":{"start":{"line":217,"column":15},"end":{"line":217,"column":17}},"93":{"start":{"line":219,"column":2},"end":{"line":229,"column":3}},"94":{"start":{"line":220,"column":4},"end":{"line":220,"column":73}},"95":{"start":{"line":221,"column":9},"end":{"line":229,"column":3}},"96":{"start":{"line":222,"column":4},"end":{"line":228,"column":8}},"97":{"start":{"line":223,"column":6},"end":{"line":225,"column":7}},"98":{"start":{"line":224,"column":8},"end":{"line":224,"column":62}},"99":{"start":{"line":227,"column":6},"end":{"line":227,"column":18}},"100":{"start":{"line":231,"column":2},"end":{"line":233,"column":3}},"101":{"start":{"line":232,"column":4},"end":{"line":232,"column":109}},"102":{"start":{"line":235,"column":2},"end":{"line":237,"column":3}},"103":{"start":{"line":236,"column":4},"end":{"line":236,"column":109}},"104":{"start":{"line":239,"column":2},"end":{"line":241,"column":3}},"105":{"start":{"line":240,"column":4},"end":{"line":240,"column":136}},"106":{"start":{"line":243,"column":2},"end":{"line":245,"column":3}},"107":{"start":{"line":244,"column":4},"end":{"line":244,"column":136}},"108":{"start":{"line":247,"column":2},"end":{"line":249,"column":3}},"109":{"start":{"line":248,"column":4},"end":{"line":248,"column":174}},"110":{"start":{"line":251,"column":2},"end":{"line":266,"column":3}},"111":{"start":{"line":255,"column":6},"end":{"line":257,"column":7}},"112":{"start":{"line":256,"column":8},"end":{"line":256,"column":71}},"113":{"start":{"line":259,"column":6},"end":{"line":259,"column":12}},"114":{"start":{"line":262,"column":6},"end":{"line":264,"column":7}},"115":{"start":{"line":263,"column":8},"end":{"line":263,"column":80}},"116":{"start":{"line":268,"column":2},"end":{"line":268,"column":23}},"117":{"start":{"line":269,"column":2},"end":{"line":271,"column":5}},"118":{"start":{"line":270,"column":4},"end":{"line":270,"column":24}},"119":{"start":{"line":273,"column":2},"end":{"line":275,"column":3}},"120":{"start":{"line":274,"column":4},"end":{"line":274,"column":59}},"121":{"start":{"line":277,"column":2},"end":{"line":305,"column":3}},"122":{"start":{"line":278,"column":4},"end":{"line":278,"column":59}},"123":{"start":{"line":280,"column":4},"end":{"line":282,"column":5}},"124":{"start":{"line":281,"column":6},"end":{"line":281,"column":38}},"125":{"start":{"line":284,"column":4},"end":{"line":286,"column":5}},"126":{"start":{"line":285,"column":6},"end":{"line":285,"column":70}},"127":{"start":{"line":288,"column":4},"end":{"line":288,"column":56}},"128":{"start":{"line":290,"column":4},"end":{"line":292,"column":5}},"129":{"start":{"line":291,"column":6},"end":{"line":291,"column":40}},"130":{"start":{"line":294,"column":4},"end":{"line":300,"column":5}},"131":{"start":{"line":295,"column":6},"end":{"line":299,"column":9}},"132":{"start":{"line":296,"column":8},"end":{"line":296,"column":39}},"133":{"start":{"line":298,"column":8},"end":{"line":298,"column":43}},"134":{"start":{"line":302,"column":4},"end":{"line":304,"column":5}},"135":{"start":{"line":303,"column":6},"end":{"line":303,"column":72}},"136":{"start":{"line":307,"column":2},"end":{"line":309,"column":3}},"137":{"start":{"line":308,"column":4},"end":{"line":308,"column":71}},"138":{"start":{"line":311,"column":2},"end":{"line":311,"column":26}},"139":{"start":{"line":312,"column":2},"end":{"line":312,"column":23}},"140":{"start":{"line":316,"column":0},"end":{"line":316,"column":35}},"141":{"start":{"line":317,"column":0},"end":{"line":317,"column":61}},"142":{"start":{"line":318,"column":0},"end":{"line":318,"column":67}},"143":{"start":{"line":319,"column":0},"end":{"line":319,"column":55}},"144":{"start":{"line":321,"column":0},"end":{"line":321,"column":58}},"145":{"start":{"line":322,"column":0},"end":{"line":322,"column":58}},"146":{"start":{"line":323,"column":0},"end":{"line":323,"column":65}}},"fnMap":{"0":{"name":"filterNullObj","decl":{"start":{"line":17,"column":29},"end":{"line":17,"column":42}},"loc":{"start":{"line":17,"column":48},"end":{"line":27,"column":1}},"line":17},"1":{"name":"(anonymous_1)","decl":{"start":{"line":18,"column":33},"end":{"line":18,"column":34}},"loc":{"start":{"line":18,"column":56},"end":{"line":26,"column":3}},"line":18},"2":{"name":"isValidRule","decl":{"start":{"line":29,"column":27},"end":{"line":29,"column":38}},"loc":{"start":{"line":29,"column":45},"end":{"line":31,"column":1}},"line":29},"3":{"name":"toBoolean","decl":{"start":{"line":33,"column":25},"end":{"line":33,"column":34}},"loc":{"start":{"line":33,"column":43},"end":{"line":39,"column":1}},"line":33},"4":{"name":"dispatchEvent","decl":{"start":{"line":41,"column":29},"end":{"line":41,"column":42}},"loc":{"start":{"line":41,"column":50},"end":{"line":45,"column":1}},"line":41},"5":{"name":"(anonymous_5)","decl":{"start":{"line":42,"column":9},"end":{"line":42,"column":10}},"loc":{"start":{"line":42,"column":31},"end":{"line":44,"column":3}},"line":42},"6":{"name":"VPField","decl":{"start":{"line":47,"column":23},"end":{"line":47,"column":30}},"loc":{"start":{"line":47,"column":62},"end":{"line":146,"column":1}},"line":47},"7":{"name":"(anonymous_7)","decl":{"start":{"line":102,"column":46},"end":{"line":102,"column":47}},"loc":{"start":{"line":102,"column":58},"end":{"line":116,"column":9}},"line":102},"8":{"name":"(anonymous_8)","decl":{"start":{"line":118,"column":45},"end":{"line":118,"column":46}},"loc":{"start":{"line":118,"column":57},"end":{"line":132,"column":9}},"line":118},"9":{"name":"(anonymous_9)","decl":{"start":{"line":137,"column":42},"end":{"line":137,"column":43}},"loc":{"start":{"line":137,"column":54},"end":{"line":143,"column":7}},"line":137},"10":{"name":"(anonymous_10)","decl":{"start":{"line":148,"column":31},"end":{"line":148,"column":32}},"loc":{"start":{"line":148,"column":43},"end":{"line":169,"column":1}},"line":148},"11":{"name":"(anonymous_11)","decl":{"start":{"line":171,"column":29},"end":{"line":171,"column":30}},"loc":{"start":{"line":171,"column":41},"end":{"line":198,"column":1}},"line":171},"12":{"name":"(anonymous_12)","decl":{"start":{"line":200,"column":28},"end":{"line":200,"column":29}},"loc":{"start":{"line":200,"column":40},"end":{"line":313,"column":1}},"line":200},"13":{"name":"(anonymous_13)","decl":{"start":{"line":222,"column":49},"end":{"line":222,"column":50}},"loc":{"start":{"line":222,"column":65},"end":{"line":228,"column":5}},"line":222},"14":{"name":"(anonymous_14)","decl":{"start":{"line":269,"column":31},"end":{"line":269,"column":32}},"loc":{"start":{"line":269,"column":46},"end":{"line":271,"column":3}},"line":269},"15":{"name":"(anonymous_15)","decl":{"start":{"line":295,"column":20},"end":{"line":295,"column":21}},"loc":{"start":{"line":295,"column":35},"end":{"line":297,"column":7}},"line":295},"16":{"name":"(anonymous_16)","decl":{"start":{"line":297,"column":17},"end":{"line":297,"column":18}},"loc":{"start":{"line":297,"column":32},"end":{"line":299,"column":7}},"line":297}},"branchMap":{"0":{"loc":{"start":{"line":21,"column":4},"end":{"line":23,"column":5}},"type":"if","locations":[{"start":{"line":21,"column":4},"end":{"line":23,"column":5}},{"start":{"line":21,"column":4},"end":{"line":23,"column":5}}],"line":21},"1":{"loc":{"start":{"line":21,"column":8},"end":{"line":21,"column":54}},"type":"binary-expr","locations":[{"start":{"line":21,"column":8},"end":{"line":21,"column":22}},{"start":{"line":21,"column":26},"end":{"line":21,"column":54}}],"line":21},"2":{"loc":{"start":{"line":30,"column":9},"end":{"line":30,"column":53}},"type":"binary-expr","locations":[{"start":{"line":30,"column":9},"end":{"line":30,"column":36}},{"start":{"line":30,"column":40},"end":{"line":30,"column":53}}],"line":30},"3":{"loc":{"start":{"line":34,"column":12},"end":{"line":34,"column":84}},"type":"cond-expr","locations":[{"start":{"line":34,"column":65},"end":{"line":34,"column":77}},{"start":{"line":34,"column":80},"end":{"line":34,"column":84}}],"line":34},"4":{"loc":{"start":{"line":34,"column":12},"end":{"line":34,"column":62}},"type":"binary-expr","locations":[{"start":{"line":34,"column":12},"end":{"line":34,"column":32}},{"start":{"line":34,"column":36},"end":{"line":34,"column":62}}],"line":34},"5":{"loc":{"start":{"line":35,"column":2},"end":{"line":35,"column":68}},"type":"if","locations":[{"start":{"line":35,"column":2},"end":{"line":35,"column":68}},{"start":{"line":35,"column":2},"end":{"line":35,"column":68}}],"line":35},"6":{"loc":{"start":{"line":35,"column":6},"end":{"line":35,"column":55}},"type":"binary-expr","locations":[{"start":{"line":35,"column":6},"end":{"line":35,"column":32}},{"start":{"line":35,"column":36},"end":{"line":35,"column":55}}],"line":35},"7":{"loc":{"start":{"line":36,"column":2},"end":{"line":36,"column":51}},"type":"if","locations":[{"start":{"line":36,"column":2},"end":{"line":36,"column":51}},{"start":{"line":36,"column":2},"end":{"line":36,"column":51}}],"line":36},"8":{"loc":{"start":{"line":37,"column":2},"end":{"line":37,"column":53}},"type":"if","locations":[{"start":{"line":37,"column":2},"end":{"line":37,"column":53}},{"start":{"line":37,"column":2},"end":{"line":37,"column":53}}],"line":37},"9":{"loc":{"start":{"line":50,"column":19},"end":{"line":50,"column":89}},"type":"cond-expr","locations":[{"start":{"line":50,"column":72},"end":{"line":50,"column":84}},{"start":{"line":50,"column":87},"end":{"line":50,"column":89}}],"line":50},"10":{"loc":{"start":{"line":50,"column":19},"end":{"line":50,"column":69}},"type":"binary-expr","locations":[{"start":{"line":50,"column":19},"end":{"line":50,"column":39}},{"start":{"line":50,"column":43},"end":{"line":50,"column":69}}],"line":50},"11":{"loc":{"start":{"line":52,"column":2},"end":{"line":54,"column":3}},"type":"if","locations":[{"start":{"line":52,"column":2},"end":{"line":54,"column":3}},{"start":{"line":52,"column":2},"end":{"line":54,"column":3}}],"line":52},"12":{"loc":{"start":{"line":99,"column":2},"end":{"line":145,"column":3}},"type":"if","locations":[{"start":{"line":99,"column":2},"end":{"line":145,"column":3}},{"start":{"line":99,"column":2},"end":{"line":145,"column":3}}],"line":99},"13":{"loc":{"start":{"line":100,"column":4},"end":{"line":134,"column":5}},"type":"if","locations":[{"start":{"line":100,"column":4},"end":{"line":134,"column":5}},{"start":{"line":100,"column":4},"end":{"line":134,"column":5}}],"line":100},"14":{"loc":{"start":{"line":101,"column":6},"end":{"line":133,"column":7}},"type":"if","locations":[{"start":{"line":101,"column":6},"end":{"line":133,"column":7}},{"start":{"line":101,"column":6},"end":{"line":133,"column":7}}],"line":101},"15":{"loc":{"start":{"line":103,"column":10},"end":{"line":105,"column":11}},"type":"if","locations":[{"start":{"line":103,"column":10},"end":{"line":105,"column":11}},{"start":{"line":103,"column":10},"end":{"line":105,"column":11}}],"line":103},"16":{"loc":{"start":{"line":107,"column":10},"end":{"line":115,"column":11}},"type":"if","locations":[{"start":{"line":107,"column":10},"end":{"line":115,"column":11}},{"start":{"line":107,"column":10},"end":{"line":115,"column":11}}],"line":107},"17":{"loc":{"start":{"line":107,"column":14},"end":{"line":107,"column":65}},"type":"binary-expr","locations":[{"start":{"line":107,"column":14},"end":{"line":107,"column":40}},{"start":{"line":107,"column":44},"end":{"line":107,"column":65}}],"line":107},"18":{"loc":{"start":{"line":112,"column":12},"end":{"line":114,"column":13}},"type":"if","locations":[{"start":{"line":112,"column":12},"end":{"line":114,"column":13}},{"start":{"line":112,"column":12},"end":{"line":114,"column":13}}],"line":112},"19":{"loc":{"start":{"line":119,"column":10},"end":{"line":121,"column":11}},"type":"if","locations":[{"start":{"line":119,"column":10},"end":{"line":121,"column":11}},{"start":{"line":119,"column":10},"end":{"line":121,"column":11}}],"line":119},"20":{"loc":{"start":{"line":123,"column":10},"end":{"line":131,"column":11}},"type":"if","locations":[{"start":{"line":123,"column":10},"end":{"line":131,"column":11}},{"start":{"line":123,"column":10},"end":{"line":131,"column":11}}],"line":123},"21":{"loc":{"start":{"line":123,"column":14},"end":{"line":123,"column":65}},"type":"binary-expr","locations":[{"start":{"line":123,"column":14},"end":{"line":123,"column":40}},{"start":{"line":123,"column":44},"end":{"line":123,"column":65}}],"line":123},"22":{"loc":{"start":{"line":128,"column":12},"end":{"line":130,"column":13}},"type":"if","locations":[{"start":{"line":128,"column":12},"end":{"line":130,"column":13}},{"start":{"line":128,"column":12},"end":{"line":130,"column":13}}],"line":128},"23":{"loc":{"start":{"line":136,"column":4},"end":{"line":144,"column":5}},"type":"if","locations":[{"start":{"line":136,"column":4},"end":{"line":144,"column":5}},{"start":{"line":136,"column":4},"end":{"line":144,"column":5}}],"line":136},"24":{"loc":{"start":{"line":149,"column":2},"end":{"line":151,"column":3}},"type":"if","locations":[{"start":{"line":149,"column":2},"end":{"line":151,"column":3}},{"start":{"line":149,"column":2},"end":{"line":151,"column":3}}],"line":149},"25":{"loc":{"start":{"line":161,"column":14},"end":{"line":161,"column":141}},"type":"cond-expr","locations":[{"start":{"line":161,"column":40},"end":{"line":161,"column":89}},{"start":{"line":161,"column":92},"end":{"line":161,"column":141}}],"line":161},"26":{"loc":{"start":{"line":166,"column":10},"end":{"line":166,"column":103}},"type":"binary-expr","locations":[{"start":{"line":166,"column":10},"end":{"line":166,"column":46}},{"start":{"line":166,"column":50},"end":{"line":166,"column":81}},{"start":{"line":166,"column":85},"end":{"line":166,"column":103}}],"line":166},"27":{"loc":{"start":{"line":176,"column":2},"end":{"line":176,"column":62}},"type":"if","locations":[{"start":{"line":176,"column":2},"end":{"line":176,"column":62}},{"start":{"line":176,"column":2},"end":{"line":176,"column":62}}],"line":176},"28":{"loc":{"start":{"line":177,"column":2},"end":{"line":177,"column":65}},"type":"if","locations":[{"start":{"line":177,"column":2},"end":{"line":177,"column":65}},{"start":{"line":177,"column":2},"end":{"line":177,"column":65}}],"line":177},"29":{"loc":{"start":{"line":178,"column":2},"end":{"line":178,"column":71}},"type":"if","locations":[{"start":{"line":178,"column":2},"end":{"line":178,"column":71}},{"start":{"line":178,"column":2},"end":{"line":178,"column":71}}],"line":178},"30":{"loc":{"start":{"line":205,"column":2},"end":{"line":207,"column":3}},"type":"if","locations":[{"start":{"line":205,"column":2},"end":{"line":207,"column":3}},{"start":{"line":205,"column":2},"end":{"line":207,"column":3}}],"line":205},"31":{"loc":{"start":{"line":219,"column":2},"end":{"line":229,"column":3}},"type":"if","locations":[{"start":{"line":219,"column":2},"end":{"line":229,"column":3}},{"start":{"line":219,"column":2},"end":{"line":229,"column":3}}],"line":219},"32":{"loc":{"start":{"line":221,"column":9},"end":{"line":229,"column":3}},"type":"if","locations":[{"start":{"line":221,"column":9},"end":{"line":229,"column":3}},{"start":{"line":221,"column":9},"end":{"line":229,"column":3}}],"line":221},"33":{"loc":{"start":{"line":223,"column":6},"end":{"line":225,"column":7}},"type":"if","locations":[{"start":{"line":223,"column":6},"end":{"line":225,"column":7}},{"start":{"line":223,"column":6},"end":{"line":225,"column":7}}],"line":223},"34":{"loc":{"start":{"line":231,"column":2},"end":{"line":233,"column":3}},"type":"if","locations":[{"start":{"line":231,"column":2},"end":{"line":233,"column":3}},{"start":{"line":231,"column":2},"end":{"line":233,"column":3}}],"line":231},"35":{"loc":{"start":{"line":232,"column":16},"end":{"line":232,"column":107}},"type":"cond-expr","locations":[{"start":{"line":232,"column":39},"end":{"line":232,"column":43}},{"start":{"line":232,"column":46},"end":{"line":232,"column":107}}],"line":232},"36":{"loc":{"start":{"line":235,"column":2},"end":{"line":237,"column":3}},"type":"if","locations":[{"start":{"line":235,"column":2},"end":{"line":237,"column":3}},{"start":{"line":235,"column":2},"end":{"line":237,"column":3}}],"line":235},"37":{"loc":{"start":{"line":236,"column":16},"end":{"line":236,"column":107}},"type":"cond-expr","locations":[{"start":{"line":236,"column":39},"end":{"line":236,"column":43}},{"start":{"line":236,"column":46},"end":{"line":236,"column":107}}],"line":236},"38":{"loc":{"start":{"line":239,"column":2},"end":{"line":241,"column":3}},"type":"if","locations":[{"start":{"line":239,"column":2},"end":{"line":241,"column":3}},{"start":{"line":239,"column":2},"end":{"line":241,"column":3}}],"line":239},"39":{"loc":{"start":{"line":240,"column":16},"end":{"line":240,"column":134}},"type":"cond-expr","locations":[{"start":{"line":240,"column":51},"end":{"line":240,"column":55}},{"start":{"line":240,"column":58},"end":{"line":240,"column":134}}],"line":240},"40":{"loc":{"start":{"line":243,"column":2},"end":{"line":245,"column":3}},"type":"if","locations":[{"start":{"line":243,"column":2},"end":{"line":245,"column":3}},{"start":{"line":243,"column":2},"end":{"line":245,"column":3}}],"line":243},"41":{"loc":{"start":{"line":244,"column":16},"end":{"line":244,"column":134}},"type":"cond-expr","locations":[{"start":{"line":244,"column":51},"end":{"line":244,"column":55}},{"start":{"line":244,"column":58},"end":{"line":244,"column":134}}],"line":244},"42":{"loc":{"start":{"line":247,"column":2},"end":{"line":249,"column":3}},"type":"if","locations":[{"start":{"line":247,"column":2},"end":{"line":249,"column":3}},{"start":{"line":247,"column":2},"end":{"line":249,"column":3}}],"line":247},"43":{"loc":{"start":{"line":248,"column":16},"end":{"line":248,"column":172}},"type":"cond-expr","locations":[{"start":{"line":248,"column":120},"end":{"line":248,"column":124}},{"start":{"line":248,"column":127},"end":{"line":248,"column":172}}],"line":248},"44":{"loc":{"start":{"line":248,"column":17},"end":{"line":248,"column":116}},"type":"cond-expr","locations":[{"start":{"line":248,"column":51},"end":{"line":248,"column":76}},{"start":{"line":248,"column":79},"end":{"line":248,"column":116}}],"line":248},"45":{"loc":{"start":{"line":251,"column":2},"end":{"line":266,"column":3}},"type":"switch","locations":[{"start":{"line":252,"column":4},"end":{"line":252,"column":17}},{"start":{"line":253,"column":4},"end":{"line":259,"column":12}},{"start":{"line":261,"column":4},"end":{"line":264,"column":7}}],"line":251},"46":{"loc":{"start":{"line":255,"column":6},"end":{"line":257,"column":7}},"type":"if","locations":[{"start":{"line":255,"column":6},"end":{"line":257,"column":7}},{"start":{"line":255,"column":6},"end":{"line":257,"column":7}}],"line":255},"47":{"loc":{"start":{"line":255,"column":10},"end":{"line":255,"column":55}},"type":"binary-expr","locations":[{"start":{"line":255,"column":10},"end":{"line":255,"column":37}},{"start":{"line":255,"column":41},"end":{"line":255,"column":55}}],"line":255},"48":{"loc":{"start":{"line":256,"column":20},"end":{"line":256,"column":69}},"type":"cond-expr","locations":[{"start":{"line":256,"column":30},"end":{"line":256,"column":34}},{"start":{"line":256,"column":37},"end":{"line":256,"column":69}}],"line":256},"49":{"loc":{"start":{"line":262,"column":6},"end":{"line":264,"column":7}},"type":"if","locations":[{"start":{"line":262,"column":6},"end":{"line":264,"column":7}},{"start":{"line":262,"column":6},"end":{"line":264,"column":7}}],"line":262},"50":{"loc":{"start":{"line":262,"column":10},"end":{"line":262,"column":55}},"type":"binary-expr","locations":[{"start":{"line":262,"column":10},"end":{"line":262,"column":37}},{"start":{"line":262,"column":41},"end":{"line":262,"column":55}}],"line":262},"51":{"loc":{"start":{"line":263,"column":20},"end":{"line":263,"column":78}},"type":"cond-expr","locations":[{"start":{"line":263,"column":39},"end":{"line":263,"column":43}},{"start":{"line":263,"column":46},"end":{"line":263,"column":78}}],"line":263},"52":{"loc":{"start":{"line":273,"column":2},"end":{"line":275,"column":3}},"type":"if","locations":[{"start":{"line":273,"column":2},"end":{"line":275,"column":3}},{"start":{"line":273,"column":2},"end":{"line":275,"column":3}}],"line":273},"53":{"loc":{"start":{"line":277,"column":2},"end":{"line":305,"column":3}},"type":"if","locations":[{"start":{"line":277,"column":2},"end":{"line":305,"column":3}},{"start":{"line":277,"column":2},"end":{"line":305,"column":3}}],"line":277},"54":{"loc":{"start":{"line":280,"column":4},"end":{"line":282,"column":5}},"type":"if","locations":[{"start":{"line":280,"column":4},"end":{"line":282,"column":5}},{"start":{"line":280,"column":4},"end":{"line":282,"column":5}}],"line":280},"55":{"loc":{"start":{"line":284,"column":4},"end":{"line":286,"column":5}},"type":"if","locations":[{"start":{"line":284,"column":4},"end":{"line":286,"column":5}},{"start":{"line":284,"column":4},"end":{"line":286,"column":5}}],"line":284},"56":{"loc":{"start":{"line":290,"column":4},"end":{"line":292,"column":5}},"type":"if","locations":[{"start":{"line":290,"column":4},"end":{"line":292,"column":5}},{"start":{"line":290,"column":4},"end":{"line":292,"column":5}}],"line":290},"57":{"loc":{"start":{"line":294,"column":4},"end":{"line":300,"column":5}},"type":"if","locations":[{"start":{"line":294,"column":4},"end":{"line":300,"column":5}},{"start":{"line":294,"column":4},"end":{"line":300,"column":5}}],"line":294},"58":{"loc":{"start":{"line":302,"column":4},"end":{"line":304,"column":5}},"type":"if","locations":[{"start":{"line":302,"column":4},"end":{"line":304,"column":5}},{"start":{"line":302,"column":4},"end":{"line":304,"column":5}}],"line":302},"59":{"loc":{"start":{"line":307,"column":2},"end":{"line":309,"column":3}},"type":"if","locations":[{"start":{"line":307,"column":2},"end":{"line":309,"column":3}},{"start":{"line":307,"column":2},"end":{"line":309,"column":3}}],"line":307}},"s":{"0":35,"1":48,"2":288,"3":288,"4":27,"5":288,"6":35,"7":288,"8":35,"9":93,"10":93,"11":88,"12":5,"13":2,"14":3,"15":3,"16":0,"17":35,"18":3,"19":2,"20":35,"21":31,"22":31,"23":31,"24":0,"25":31,"26":31,"27":31,"28":31,"29":31,"30":31,"31":31,"32":31,"33":31,"34":31,"35":31,"36":31,"37":31,"38":29,"39":27,"40":2,"41":0,"42":0,"43":0,"44":0,"45":0,"46":0,"47":0,"48":25,"49":13,"50":7,"51":13,"52":4,"53":4,"54":4,"55":2,"56":29,"57":28,"58":3,"59":3,"60":3,"61":35,"62":48,"63":0,"64":48,"65":48,"66":48,"67":35,"68":31,"69":31,"70":31,"71":31,"72":31,"73":29,"74":31,"75":0,"76":31,"77":0,"78":31,"79":35,"80":48,"81":48,"82":48,"83":2,"84":48,"85":48,"86":48,"87":48,"88":48,"89":48,"90":48,"91":48,"92":48,"93":48,"94":0,"95":48,"96":48,"97":0,"98":0,"99":0,"100":48,"101":4,"102":48,"103":4,"104":48,"105":6,"106":48,"107":8,"108":48,"109":9,"110":48,"111":4,"112":2,"113":4,"114":44,"115":9,"116":48,"117":48,"118":42,"119":48,"120":0,"121":48,"122":26,"123":26,"124":0,"125":26,"126":0,"127":22,"128":22,"129":0,"130":22,"131":0,"132":0,"133":0,"134":22,"135":19,"136":48,"137":1,"138":48,"139":48,"140":35,"141":35,"142":35,"143":35,"144":35,"145":35,"146":35},"f":{"0":48,"1":288,"2":288,"3":93,"4":3,"5":2,"6":31,"7":0,"8":13,"9":3,"10":48,"11":31,"12":48,"13":0,"14":42,"15":0,"16":0},"b":{"0":[27,261],"1":[288,27],"2":[288,203],"3":[93,0],"4":[93,93],"5":[88,5],"6":[93,5],"7":[2,3],"8":[3,0],"9":[27,4],"10":[31,29],"11":[0,31],"12":[29,2],"13":[27,2],"14":[2,25],"15":[0,0],"16":[0,0],"17":[0,0],"18":[0,0],"19":[7,6],"20":[4,9],"21":[13,10],"22":[2,2],"23":[28,1],"24":[0,48],"25":[1,47],"26":[48,48,48],"27":[29,2],"28":[0,31],"29":[0,31],"30":[2,46],"31":[0,48],"32":[48,0],"33":[0,0],"34":[4,44],"35":[2,2],"36":[4,44],"37":[2,2],"38":[6,42],"39":[4,2],"40":[8,40],"41":[5,3],"42":[9,39],"43":[3,6],"44":[3,6],"45":[4,4,44],"46":[2,2],"47":[4,2],"48":[1,1],"49":[9,35],"50":[44,9],"51":[3,6],"52":[0,48],"53":[26,22],"54":[0,26],"55":[0,26],"56":[0,22],"57":[0,22],"58":[19,3],"59":[1,47]},"inputSourceMap":{"version":3,"sources":["/Users/ryannjones/NGL/validplus/src/Field.js"],"names":["debug","mergeDeep","createEvent","events","messaging","filterNullObj","obj","Object","keys","reduce","newObj","key","value","isValidRule","rule","toBoolean","string","def","length","toLowerCase","dispatchEvent","input","event_name","VPField","element","options","customRules","onValidate","Element","Error","listeners","canValidate","assign","forceRules","rules","required","min","max","minLength","maxLength","pattern","formatter","pre","post","errorClass","messageAnchor","messagePOS","showFieldErrors","dirtyOnBlur","getAttribute","validateOnBlur","watch","_onValidation","isValid","message","cb","isInvalid","_customRules","_messageNode","_messages","_isValid","_dirty","getInput","includes","addEventListener","emit","valid","prototype","parseInput","inputRules","checked","type","name","tagName","getElementsByTagName","select","textarea","concat","Array","from","attributes","action","errors","push","isArray","map","RegExp","test","clearMessages","every","err","addMessage","classList","remove","add","filter","forEach","removeEventListener","removeMessage"],"mappings":";;;;;;;;;;AAAA,OAAOA,KAAP,MAAkB,cAAlB;AACA,OAAOC,SAAP,MAAsB,kBAAtB;AACA,OAAOC,WAAP,MAAwB,oBAAxB;AAEA,OAAOC,MAAP,MAAmB,cAAnB;AACA,OAAOC,SAAP,MAAsB,iBAAtB;;AAEA,IAAMC,aAAa,GAAG,SAAhBA,aAAgB,CAACC,GAAD,EAAS;AAC7B,SAAOC,MAAM,CAACC,IAAP,CAAYF,GAAZ,EAAiBG,MAAjB,CAAwB,UAACC,MAAD,EAASC,GAAT,EAAiB;AAC9C,QAAMC,KAAK,GAAGN,GAAG,CAACK,GAAD,CAAjB;;AAEA,QAAIC,KAAK,KAAK,IAAV,IACF,OAAOA,KAAP,KAAiB,WADnB,EACgC;AAC9BF,MAAAA,MAAM,CAACC,GAAD,CAAN,GAAcC,KAAd;AACD;;AAED,WAAOF,MAAP;AACD,GATM,EASJ,EATI,CAAP;AAUD,CAXD;;AAYA,IAAMG,WAAW,GAAG,SAAdA,WAAc,CAACC,IAAD,EAAU;AAC5B,SAAO,OAAOA,IAAP,KAAgB,WAAhB,IAA+BA,IAAI,KAAK,IAA/C;AACD,CAFD;;AAGA,IAAMC,SAAS,GAAG,SAAZA,SAAY,CAACC,MAAD,EAAwB;AAAA,MAAfC,GAAe,uEAAT,IAAS;AACxC,MAAI,OAAOD,MAAP,KAAkB,QAAlB,IAA8BA,MAAM,CAACE,MAAP,KAAkB,CAApD,EAAuD,OAAOD,GAAP;AAEvD,MAAID,MAAM,CAACG,WAAP,OAAyB,MAA7B,EAAqC,OAAO,IAAP;AACrC,MAAIH,MAAM,CAACG,WAAP,OAAyB,OAA7B,EAAsC,OAAO,KAAP;AACtC,SAAO,CAAC,CAACH,MAAT;AACD,CAND;;AAQA,IAAMI,aAAa,GAAG,SAAhBA,aAAgB,CAACC,KAAD;AAAA,SAAW,UAACC,UAAD,EAAgB;AAC/CD,IAAAA,KAAK,CAACD,aAAN,CAAoBlB,WAAW,CAACoB,UAAD,CAA/B;AACD,GAFqB;AAAA,CAAtB;;AAIA,IAAMC,OAAO,GAAG,SAAVA,OAAU,CAAUC,OAAV,EAAmBC,OAAnB,EAA4BC,WAA5B,EAA0D;AAAA;;AAAA,MAAjBC,UAAiB,uEAAJ,EAAI;;AACxE,MAAI,EAAEH,OAAO,YAAYI,OAArB,CAAJ,EAAmC;AACjC,UAAM,IAAIC,KAAJ,CAAU,sDAAV,CAAN;AACD;;AAED,OAAKR,KAAL,GAAa,IAAb;AACA,OAAKG,OAAL,GAAeA,OAAf;AACA,OAAKM,SAAL,GAAiB,EAAjB;AACA,OAAKC,WAAL,GAAmB,IAAnB;AACA,OAAKN,OAAL,GAAelB,MAAM,CAACyB,MAAP,CAAc;AAC3BC,IAAAA,UAAU,EAAE,KADe;AAE3BC,IAAAA,KAAK,EAAE;AACLC,MAAAA,QAAQ,EAAE,IADL;AAELC,MAAAA,GAAG,EAAE,IAFA;AAGLC,MAAAA,GAAG,EAAE,IAHA;AAILC,MAAAA,SAAS,EAAE,IAJN;AAKLC,MAAAA,SAAS,EAAE,IALN;AAMLC,MAAAA,OAAO,EAAE;AANJ,KAFoB;AAU3BC,IAAAA,SAAS,EAAE;AACTC,MAAAA,GAAG,EAAE,IADI;AAETC,MAAAA,IAAI,EAAE;AAFG,KAVgB;AAc3BC,IAAAA,UAAU,EAAE,UAde;AAe3BC,IAAAA,aAAa,EAAE,IAfY;AAgB3BC,IAAAA,UAAU,EAAE,QAhBe;AAiB3BC,IAAAA,eAAe,EAAE,KAjBU;AAkB3BC,IAAAA,WAAW,EAAEjC,SAAS,CAACS,OAAO,CAACyB,YAAR,CAAqB,UAArB,CAAD,EAAmC,KAAnC,CAlBK;AAmB3BC,IAAAA,cAAc,EAAEnC,SAAS,CAACS,OAAO,CAACyB,YAAR,CAAqB,SAArB,CAAD,EAAkC,IAAlC,CAnBE;AAoB3BE,IAAAA,KAAK,EAAEpC,SAAS,CAACS,OAAO,CAACyB,YAAR,CAAqB,UAArB,CAAD,EAAmC,IAAnC;AApBW,GAAd,EAqBZxB,OArBY,CAAf;AAuBA,OAAK2B,aAAL,GAAqBnD,SAAS,CAAC;AAC7BoD,IAAAA,OAAO,EAAE;AACPC,MAAAA,OAAO,EAAE,IADF;AAEPC,MAAAA,EAAE,EAAE;AAFG,KADoB;AAK7BC,IAAAA,SAAS,EAAE;AACTF,MAAAA,OAAO,EAAE,IADA;AAETC,MAAAA,EAAE,EAAE;AAFK;AALkB,GAAD,EAS3B5B,UAT2B,CAA9B;AAUA,OAAK8B,YAAL,GAAoB/B,WAApB;AAEA,OAAKgC,YAAL,GAAoB,IAApB;AACA,OAAKC,SAAL,GAAiB,EAAjB;AACA,OAAKC,QAAL,GAAgB,IAAhB;AACA,OAAKC,MAAL,GAAc,KAAd;AAEA,OAAKC,QAAL;;AACA,MAAI,KAAKzC,KAAL,YAAsBO,OAA1B,EAAmC;AACjC,QAAI,KAAKH,OAAL,CAAa0B,KAAb,KAAuB,IAA3B,EAAiC;AAC/B,UAAI,CAAC,OAAD,EAAU,UAAV,EAAsBY,QAAtB,CAA+B,KAAK1C,KAAL,CAAW4B,YAAX,CAAwB,MAAxB,CAA/B,CAAJ,EAAqE;AACnE,aAAK5B,KAAL,CAAW2C,gBAAX,CAA4B,QAA5B,EAAsC,YAAM;AAC1C,cAAI,KAAI,CAACvC,OAAL,CAAauB,WAAb,KAA6B,KAAjC,EAAwC;AACtC,YAAA,KAAI,CAACa,MAAL,GAAc,IAAd;AACD;;AAED,cAAI,KAAI,CAAC9B,WAAL,KAAqB,IAArB,IAA6B,KAAI,CAAC8B,MAAL,KAAgB,IAAjD,EAAuD;AACrD,gBAAMI,IAAI,GAAG,KAAI,CAACL,QAAL,KAAkB,IAA/B;;AAEA,gBAAIM,KAAK,GAAG,KAAI,CAACb,OAAL,EAAZ;;AACA,gBAAIY,IAAJ,EAAU;AACR,cAAA,KAAI,CAAC7C,aAAL,CAAmBlB,WAAW,CAAC,YAAD,CAA9B,EAA8CgE,KAA9C;AACD;AACF;AACF,SAbD;AAcD,OAfD,MAeO;AACL,aAAK7C,KAAL,CAAW2C,gBAAX,CAA4B,OAA5B,EAAqC,YAAM;AACzC,cAAI,KAAI,CAACvC,OAAL,CAAauB,WAAb,KAA6B,KAAjC,EAAwC;AACtC,YAAA,KAAI,CAACa,MAAL,GAAc,IAAd;AACD;;AAED,cAAI,KAAI,CAAC9B,WAAL,KAAqB,IAArB,IAA6B,KAAI,CAAC8B,MAAL,KAAgB,IAAjD,EAAuD;AACrD,gBAAMI,IAAI,GAAG,KAAI,CAACL,QAAL,KAAkB,IAA/B;;AAEA,gBAAIM,KAAK,GAAG,KAAI,CAACb,OAAL,EAAZ;;AACA,gBAAIY,IAAJ,EAAU;AACR,cAAA,KAAI,CAAC7C,aAAL,CAAmBlB,WAAW,CAAC,YAAD,CAA9B,EAA8CgE,KAA9C;AACD;AACF;AACF,SAbD;AAcD;AACF;;AAED,QAAI,KAAKzC,OAAL,CAAayB,cAAjB,EAAiC;AAC/B,WAAK7B,KAAL,CAAW2C,gBAAX,CAA4B,MAA5B,EAAoC,YAAM;AACxC,QAAA,KAAI,CAACH,MAAL,GAAc,IAAd;;AAEA,YAAIK,KAAK,GAAG,KAAI,CAACb,OAAL,EAAZ;;AACA,QAAA,KAAI,CAACjC,aAAL,CAAmBlB,WAAW,CAAC,YAAD,CAA9B,EAA8CgE,KAA9C;AACD,OALD;AAMD;AACF;AACF,CA9FD;;AAgGA3C,OAAO,CAAC4C,SAAR,CAAkBC,UAAlB,GAA+B,YAAY;AACzC,MAAI,EAAE,KAAK/C,KAAL,YAAsBO,OAAxB,CAAJ,EAAsC;AACpC,UAAM,IAAIC,KAAJ,CAAU,gDAAV,CAAN;AACD;;AAED,MAAMwC,UAAU,GAAGhE,aAAa,CAAC;AAC/B+B,IAAAA,GAAG,EAAE,KAAKf,KAAL,CAAW4B,YAAX,CAAwB,KAAxB,CAD0B;AAE/BX,IAAAA,SAAS,EAAE,KAAKjB,KAAL,CAAW4B,YAAX,CAAwB,WAAxB,CAFoB;AAG/BZ,IAAAA,GAAG,EAAE,KAAKhB,KAAL,CAAW4B,YAAX,CAAwB,KAAxB,CAH0B;AAI/BV,IAAAA,SAAS,EAAE,KAAKlB,KAAL,CAAW4B,YAAX,CAAwB,WAAxB,CAJoB;AAK/BT,IAAAA,OAAO,EAAE,KAAKnB,KAAL,CAAW4B,YAAX,CAAwB,SAAxB,CALsB;AAM/Bd,IAAAA,QAAQ,EAAE,KAAKd,KAAL,CAAW4B,YAAX,CAAwB,UAAxB;AANqB,GAAD,CAAhC;AASA,MAAMf,KAAK,GAAG,KAAKT,OAAL,CAAaQ,UAAb,GACV1B,MAAM,CAACyB,MAAP,CAAc,EAAd,EAAkBqC,UAAlB,EAA8B,KAAK5C,OAAL,CAAaS,KAA3C,CADU,GAEV3B,MAAM,CAACyB,MAAP,CAAc,EAAd,EAAkB,KAAKP,OAAL,CAAaS,KAA/B,EAAsCmC,UAAtC,CAFJ;AAIA,SAAO;AACLzD,IAAAA,KAAK,EAAE,KAAKS,KAAL,CAAWT,KADb;AAEL0D,IAAAA,OAAO,EAAE,KAAKjD,KAAL,CAAWiD,OAFf;AAGLC,IAAAA,IAAI,EAAE,KAAKlD,KAAL,CAAW4B,YAAX,CAAwB,MAAxB,CAHD;AAILuB,IAAAA,IAAI,EAAE,KAAKnD,KAAL,CAAW4B,YAAX,CAAwB,WAAxB,KAAwC,KAAK5B,KAAL,CAAW4B,YAAX,CAAwB,MAAxB,CAAxC,IAA2E,KAAK5B,KAAL,CAAWoD,OAJvF;AAKLvC,IAAAA,KAAK,EAALA;AALK,GAAP;AAOD,CAzBD;;AA2BAX,OAAO,CAAC4C,SAAR,CAAkBL,QAAlB,GAA6B,YAAY;AACvC9D,EAAAA,KAAK,CAAC,2BAAD,CAAL;AAEA,MAAIqB,KAAK,GAAG,KAAKG,OAAL,CAAakD,oBAAb,CAAkC,OAAlC,CAAZ;AACA,MAAIC,MAAM,GAAG,KAAKnD,OAAL,CAAakD,oBAAb,CAAkC,QAAlC,CAAb;AACA,MAAIE,QAAQ,GAAG,KAAKpD,OAAL,CAAakD,oBAAb,CAAkC,UAAlC,CAAf;AAEA,MAAIrD,KAAK,CAACH,MAAN,GAAe,CAAnB,EAAsBlB,KAAK,CAAC,uBAAD,EAA0BqB,KAA1B,CAAL;AACtB,MAAIsD,MAAM,CAACzD,MAAP,GAAgB,CAApB,EAAuBlB,KAAK,CAAC,wBAAD,EAA2B2E,MAA3B,CAAL;AACvB,MAAIC,QAAQ,CAAC1D,MAAT,GAAkB,CAAtB,EAAyBlB,KAAK,CAAC,0BAAD,EAA6B4E,QAA7B,CAAL;AAEzB,OAAKvD,KAAL,GAAa,GAAGwD,MAAH,CACXC,KAAK,CAACC,IAAN,CAAW1D,KAAX,CADW,EAEXyD,KAAK,CAACC,IAAN,CAAWJ,MAAX,CAFW,EAGXG,KAAK,CAACC,IAAN,CAAWH,QAAX,CAHW,EAIX,CAJW,CAAb,CAXuC,CAiBvC;AACA;AACA;AAEA;AACA;AACA;AACA;AACA;AACA;AACA;AACA;AAEA;AACA;AACA;AACA;AACA;AACA;AACA;AACA;AACD,CAtCD;;AAwCArD,OAAO,CAAC4C,SAAR,CAAkBd,OAAlB,GAA4B,YAAY;AAAA;;AACtC,OAAKtB,WAAL,GAAmB,KAAnB;;AACA,MAAI,OAAO,KAAKN,OAAL,CAAagB,SAAb,CAAuBC,GAA9B,KAAsC,UAA1C,EAAsD;AACpD,SAAKjB,OAAL,CAAagB,SAAb,CAAuBC,GAAvB,CAA2B,KAAKrB,KAAhC,EAAuCD,aAAa,CAAC,KAAKC,KAAN,CAApD;AACD;;AAED,MAAI2D,UAAU,GAAG,KAAKZ,UAAL,EAAjB;AANsC,MAQpCxD,KARoC,GAelCoE,UAfkC,CAQpCpE,KARoC;AAAA,MASpC0D,OAToC,GAelCU,UAfkC,CASpCV,OAToC;AAAA,MAUpChB,OAVoC,GAelC0B,UAfkC,CAUpC1B,OAVoC;AAAA,MAWpC2B,MAXoC,GAelCD,UAfkC,CAWpCC,MAXoC;AAAA,MAYpCV,IAZoC,GAelCS,UAfkC,CAYpCT,IAZoC;AAAA,MAapCC,IAboC,GAelCQ,UAfkC,CAapCR,IAboC;AAAA,MAcpCtC,KAdoC,GAelC8C,UAfkC,CAcpC9C,KAdoC;AAiBtC,MAAIgD,MAAM,GAAG,EAAb;;AACA,MAAI,OAAO,KAAKzB,YAAZ,KAA6B,UAAjC,EAA6C;AAC3CyB,IAAAA,MAAM,CAACC,IAAP,CAAY,KAAK1B,YAAL,CAAkBuB,UAAlB,EAA8B,KAAKxD,OAAnC,EAA4C,KAAKH,KAAjD,CAAZ;AACD,GAFD,MAEO,IAAIyD,KAAK,CAACM,OAAN,CAAc,KAAK3B,YAAnB,CAAJ,EAAsC;AAC3CyB,IAAAA,MAAM,GAAGA,MAAM,CAACL,MAAP,CAAc,KAAKpB,YAAL,CAAkB4B,GAAlB,CAAsB,UAAAvE,IAAI,EAAI;AACnD,UAAI,OAAOA,IAAP,KAAgB,UAApB,EAAgC;AAC9B,eAAOA,IAAI,CAACkE,UAAD,EAAa,MAAI,CAACxD,OAAlB,EAA2B,MAAI,CAACH,KAAhC,CAAX;AACD;;AAED,aAAO,IAAP;AACD,KANsB,CAAd,CAAT;AAOD;;AAED,MAAIR,WAAW,CAACqB,KAAK,CAACE,GAAP,CAAf,EAA4B;AAC1B8C,IAAAA,MAAM,CAACC,IAAP,CAAY,CAACvE,KAAD,IAAU,CAACsB,KAAK,CAACE,GAAjB,GACR,IADQ,aAELoC,IAFK,gCAEqBtC,KAAK,CAACE,GAF3B,MAAZ;AAGD;;AACD,MAAIvB,WAAW,CAACqB,KAAK,CAACG,GAAP,CAAf,EAA4B;AAC1B6C,IAAAA,MAAM,CAACC,IAAP,CAAY,CAACvE,KAAD,IAAU,CAACsB,KAAK,CAACG,GAAjB,GACR,IADQ,aAELmC,IAFK,gCAEqBtC,KAAK,CAACG,GAF3B,MAAZ;AAGD;;AACD,MAAIxB,WAAW,CAACqB,KAAK,CAACI,SAAP,CAAf,EAAkC;AAChC4C,IAAAA,MAAM,CAACC,IAAP,CAAYvE,KAAK,CAACM,MAAN,IAAgB,CAACgB,KAAK,CAACI,SAAvB,GACR,IADQ,aAELkC,IAFK,sBAEWtC,KAAK,CAACI,SAFjB,yBAAZ;AAGD;;AACD,MAAIzB,WAAW,CAACqB,KAAK,CAACK,SAAP,CAAf,EAAkC;AAChC2C,IAAAA,MAAM,CAACC,IAAP,CAAYvE,KAAK,CAACM,MAAN,IAAgB,CAACgB,KAAK,CAACK,SAAvB,GACR,IADQ,aAELiC,IAFK,sBAEWtC,KAAK,CAACK,SAFjB,yBAAZ;AAGD;;AACD,MAAI1B,WAAW,CAACqB,KAAK,CAACM,OAAP,CAAf,EAAgC;AAC9B0C,IAAAA,MAAM,CAACC,IAAP,CAAY,CAACjD,KAAK,CAACM,OAAN,YAAyB8C,MAAzB,GACTpD,KAAK,CAACM,OAAN,CAAc+C,IAAd,CAAmB3E,KAAnB,CADS,GAET,IAAI0E,MAAJ,CAAWpD,KAAK,CAACM,OAAjB,EAA0B+C,IAA1B,CAA+B3E,KAA/B,CAFQ,IAGR,IAHQ,aAIL4D,IAJK,+BAAZ;AAKD;;AAED,UAAQD,IAAR;AACA,SAAK,OAAL;AACA,SAAK,UAAL;AACE;AACA,UAAI1D,WAAW,CAACqB,KAAK,CAACC,QAAP,CAAX,IAA+BD,KAAK,CAACC,QAAzC,EAAmD;AACjD+C,QAAAA,MAAM,CAACC,IAAP,CAAYb,OAAO,GAAG,IAAH,aAAaE,IAAb,kBAAnB;AACD;;AACD;;AACF;AACE,UAAI3D,WAAW,CAACqB,KAAK,CAACC,QAAP,CAAX,IAA+BD,KAAK,CAACC,QAAzC,EAAmD;AACjD+C,QAAAA,MAAM,CAACC,IAAP,CAAYvE,KAAK,CAACM,MAAN,GAAe,CAAf,GAAmB,IAAnB,aAA6BsD,IAA7B,kBAAZ;AACD;;AAXH;;AAcA,OAAKgB,aAAL;AACA,OAAK5B,QAAL,GAAgBsB,MAAM,CAACO,KAAP,CAAa,UAAAC,GAAG;AAAA,WAAIA,GAAG,KAAK,IAAZ;AAAA,GAAhB,CAAhB;;AAEA,MAAI,OAAO,KAAKjE,OAAL,CAAagB,SAAb,CAAuBC,GAA9B,KAAsC,QAA1C,EAAoD;AAClD,SAAKiD,UAAL,CAAgB,KAAKlE,OAAL,CAAagB,SAAb,CAAuBC,GAAvC,EAA4C,SAA5C;AACD;;AAED,MAAI,KAAKkB,QAAT,EAAmB;AACjB,SAAKpC,OAAL,CAAaoE,SAAb,CAAuBC,MAAvB,CAA8B,KAAKpE,OAAL,CAAamB,UAA3C;;AAEA,QAAI,OAAO,KAAKQ,aAAL,CAAmBC,OAAnB,CAA2BE,EAAlC,KAAyC,UAA7C,EAAyD;AACvD,WAAKH,aAAL,CAAmBC,OAAnB,CAA2BE,EAA3B;AACD;;AACD,QAAI,OAAO,KAAKH,aAAL,CAAmBC,OAAnB,CAA2BC,OAAlC,KAA8C,QAAlD,EAA4D;AAC1D,WAAKqC,UAAL,CAAgB,KAAKvC,aAAL,CAAmBC,OAAnB,CAA2BC,OAA3C,EAAoD,UAApD;AACD;AACF,GATD,MASO;AACL,SAAK9B,OAAL,CAAaoE,SAAb,CAAuBE,GAAvB,CAA2B,KAAKrE,OAAL,CAAamB,UAAxC;;AAEA,QAAI,OAAO,KAAKQ,aAAL,CAAmBI,SAAnB,CAA6BD,EAApC,KAA2C,UAA/C,EAA2D;AACzD,WAAKH,aAAL,CAAmBI,SAAnB,CAA6BD,EAA7B;AACD;;AAED,QAAI,KAAK9B,OAAL,CAAasB,eAAjB,EAAkC;AAChCmC,MAAAA,MAAM,CAACa,MAAP,CAAc,UAAAL,GAAG;AAAA,eAAI,OAAOA,GAAP,KAAe,QAAnB;AAAA,OAAjB,EAA8CM,OAA9C,CAAsD,UAAAN,GAAG,EAAI;AAC3D,QAAA,MAAI,CAACC,UAAL,CAAgBD,GAAhB,EAAqB,UAArB;AACD,OAFD;AAGD;;AAED,QAAI,OAAO,KAAKtC,aAAL,CAAmBI,SAAnB,CAA6BF,OAApC,KAAgD,QAApD,EAA8D;AAC5D,WAAKqC,UAAL,CAAgB,KAAKvC,aAAL,CAAmBI,SAAnB,CAA6BF,OAA7C,EAAsD,UAAtD;AACD;AACF;;AAED,MAAI,OAAO,KAAK7B,OAAL,CAAagB,SAAb,CAAuBE,IAA9B,KAAuC,UAA3C,EAAuD;AACrD,SAAKlB,OAAL,CAAagB,SAAb,CAAuBE,IAAvB,CAA4B,KAAKtB,KAAjC,EAAwCD,aAAa,CAAC,KAAKC,KAAN,CAArD;AACD;;AAED,OAAKU,WAAL,GAAmB,IAAnB;AACA,SAAO,KAAK6B,QAAZ;AACD,CAhHD,C,CAkHA;;;AACArC,OAAO,CAAC4C,SAAR,CAAkBrC,SAAlB,GAA8B,IAA9B;AACAP,OAAO,CAAC4C,SAAR,CAAkBH,gBAAlB,GAAqC7D,MAAM,CAAC6D,gBAA5C;AACAzC,OAAO,CAAC4C,SAAR,CAAkB8B,mBAAlB,GAAwC9F,MAAM,CAAC8F,mBAA/C;AACA1E,OAAO,CAAC4C,SAAR,CAAkB/C,aAAlB,GAAkCjB,MAAM,CAACiB,aAAzC,C,CAEA;;AACAG,OAAO,CAAC4C,SAAR,CAAkBqB,aAAlB,GAAkCpF,SAAS,CAACoF,aAA5C;AACAjE,OAAO,CAAC4C,SAAR,CAAkB+B,aAAlB,GAAkC9F,SAAS,CAAC8F,aAA5C;AACA3E,OAAO,CAAC4C,SAAR,CAAkBwB,UAAlB,GAA+BvF,SAAS,CAACuF,UAAV,CAAqB,WAArB,CAA/B;AAEA,eAAepE,OAAf","sourcesContent":["import debug from './util/debug'\nimport mergeDeep from './util/mergeDeep'\nimport createEvent from './util/createEvent'\n\nimport events from './lib/events'\nimport messaging from './lib/messaging'\n\nconst filterNullObj = (obj) => {\n  return Object.keys(obj).reduce((newObj, key) => {\n    const value = obj[key]\n\n    if (value !== null &&\n      typeof value !== 'undefined') {\n      newObj[key] = value\n    }\n\n    return newObj\n  }, {})\n}\nconst isValidRule = (rule) => {\n  return typeof rule !== 'undefined' && rule !== null\n}\nconst toBoolean = (string, def = null) => {\n  if (typeof string !== 'string' || string.length === 0) return def\n\n  if (string.toLowerCase() === 'true') return true\n  if (string.toLowerCase() === 'false') return false\n  return !!string\n}\n\nconst dispatchEvent = (input) => (event_name) => {\n  input.dispatchEvent(createEvent(event_name));\n}\n\nconst VPField = function (element, options, customRules, onValidate = {}) {\n  if (!(element instanceof Element)) {\n    throw new Error('[VPField] Field Element must be instance of Element.')\n  }\n\n  this.input = null\n  this.element = element\n  this.listeners = {}\n  this.canValidate = true\n  this.options = Object.assign({\n    forceRules: false,\n    rules: {\n      required: null,\n      min: null,\n      max: null,\n      minLength: null,\n      maxLength: null,\n      pattern: null\n    },\n    formatter: {\n      pre: null,\n      post: null\n    },\n    errorClass: '-isError',\n    messageAnchor: null,\n    messagePOS: 'bottom',\n    showFieldErrors: false,\n    dirtyOnBlur: toBoolean(element.getAttribute('vp-dirty'), false),\n    validateOnBlur: toBoolean(element.getAttribute('vp-blur'), true),\n    watch: toBoolean(element.getAttribute('vp-watch'), true)\n  }, options)\n\n  this._onValidation = mergeDeep({\n    isValid: {\n      message: null,\n      cb: null\n    },\n    isInvalid: {\n      message: null,\n      cb: null\n    }\n  }, onValidate)\n  this._customRules = customRules\n\n  this._messageNode = null\n  this._messages = []\n  this._isValid = null\n  this._dirty = false\n\n  this.getInput()\n  if (this.input instanceof Element) {\n    if (this.options.watch === true) {\n      if (['radio', 'checkbox'].includes(this.input.getAttribute('type'))) {\n        this.input.addEventListener('change', () => {\n          if (this.options.dirtyOnBlur === false) {\n            this._dirty = true\n          }\n\n          if (this.canValidate === true && this._dirty === true) {\n            const emit = this._isValid !== null\n\n            let valid = this.isValid()\n            if (emit) {\n              this.dispatchEvent(createEvent('onValidate'), valid)\n            }\n          }\n        })\n      } else {\n        this.input.addEventListener('input', () => {\n          if (this.options.dirtyOnBlur === false) {\n            this._dirty = true\n          }\n\n          if (this.canValidate === true && this._dirty === true) {\n            const emit = this._isValid !== null\n\n            let valid = this.isValid()\n            if (emit) {\n              this.dispatchEvent(createEvent('onValidate'), valid)\n            }\n          }\n        })\n      }\n    }\n\n    if (this.options.validateOnBlur) {\n      this.input.addEventListener('blur', () => {\n        this._dirty = true\n\n        let valid = this.isValid()\n        this.dispatchEvent(createEvent('onValidate'), valid)\n      })\n    }\n  }\n}\n\nVPField.prototype.parseInput = function () {\n  if (!(this.input instanceof Element)) {\n    throw new Error('[VPField] Input must be an instance of Element')\n  }\n\n  const inputRules = filterNullObj({\n    min: this.input.getAttribute('min'),\n    minLength: this.input.getAttribute('minlength'),\n    max: this.input.getAttribute('max'),\n    maxLength: this.input.getAttribute('maxlength'),\n    pattern: this.input.getAttribute('pattern'),\n    required: this.input.getAttribute('required')\n  })\n\n  const rules = this.options.forceRules\n    ? Object.assign({}, inputRules, this.options.rules)\n    : Object.assign({}, this.options.rules, inputRules)\n\n  return {\n    value: this.input.value,\n    checked: this.input.checked,\n    type: this.input.getAttribute('type'),\n    name: this.input.getAttribute('data-name') || this.input.getAttribute('name') || this.input.tagName,\n    rules\n  }\n}\n\nVPField.prototype.getInput = function () {\n  debug('[VPField] Querying inputs')\n\n  let input = this.element.getElementsByTagName('input')\n  let select = this.element.getElementsByTagName('select')\n  let textarea = this.element.getElementsByTagName('textarea')\n\n  if (input.length > 0) debug('[VPField] Found input', input)\n  if (select.length > 0) debug('[VPField] Found select', select)\n  if (textarea.length > 0) debug('[VPField] Found textarea', textarea)\n\n  this.input = [].concat(\n    Array.from(input),\n    Array.from(select),\n    Array.from(textarea)\n  )[0]\n\n  // if (this.input instanceof Element) {\n  // TODO: Clobber w/ VueJS, figure out how to support\n  // this.input.setAttribute('__value', this.input.value)\n\n  // Object.defineProperty(this.input, 'value', {\n  //   configurable: true,\n  //   enumerable: true,\n  //   get: function () {\n  //     return this.getAttribute('__value')\n  //   },\n  //   set: function (val) {\n  //     this.setAttribute('__value', val)\n\n  //     if (this.tagName.toLowerCase() === 'input' && ['radio', 'checkbox'].includes(this.getAttribute('type'))) {\n  //       this.dispatchEvent(new Event('change'))\n  //     } else {\n  //       this.dispatchEvent(new Event('input'))\n  //     }\n  //   }\n  // })\n  // }\n}\n\nVPField.prototype.isValid = function () {\n  this.canValidate = false\n  if (typeof this.options.formatter.pre === 'function') {\n    this.options.formatter.pre(this.input, dispatchEvent(this.input))\n  }\n\n  let attributes = this.parseInput()\n  let {\n    value,\n    checked,\n    message,\n    action,\n    type,\n    name,\n    rules\n  } = attributes\n\n  let errors = []\n  if (typeof this._customRules === 'function') {\n    errors.push(this._customRules(attributes, this.element, this.input))\n  } else if (Array.isArray(this._customRules)) {\n    errors = errors.concat(this._customRules.map(rule => {\n      if (typeof rule === 'function') {\n        return rule(attributes, this.element, this.input)\n      }\n\n      return true\n    }))\n  }\n\n  if (isValidRule(rules.min)) {\n    errors.push(+value >= +rules.min\n      ? true\n      : `${name} must be more than ${rules.min}.`)\n  }\n  if (isValidRule(rules.max)) {\n    errors.push(+value <= +rules.max\n      ? true\n      : `${name} must be less than ${rules.max}.`)\n  }\n  if (isValidRule(rules.minLength)) {\n    errors.push(value.length >= +rules.minLength\n      ? true\n      : `${name} must be ${rules.minLength} characters or more.`)\n  }\n  if (isValidRule(rules.maxLength)) {\n    errors.push(value.length <= +rules.maxLength\n      ? true\n      : `${name} must be ${rules.maxLength} characters or less.`)\n  }\n  if (isValidRule(rules.pattern)) {\n    errors.push((rules.pattern instanceof RegExp \n      ? rules.pattern.test(value)\n      : new RegExp(rules.pattern).test(value))\n      ? true\n      : `${name} is incorrectly formatted.`)\n  }\n\n  switch (type) {\n  case 'radio':\n  case 'checkbox':\n    // One should always be selected if required\n    if (isValidRule(rules.required) && rules.required) {\n      errors.push(checked ? true : `${name} is required.`)\n    }\n    break\n  default:\n    if (isValidRule(rules.required) && rules.required) {\n      errors.push(value.length > 0 ? true : `${name} is required.`)\n    }\n  }\n\n  this.clearMessages()\n  this._isValid = errors.every(err => err === true)\n\n  if (typeof this.options.formatter.pre === 'string') {\n    this.addMessage(this.options.formatter.pre, '-isInfo')\n  }\n\n  if (this._isValid) {\n    this.element.classList.remove(this.options.errorClass)\n\n    if (typeof this._onValidation.isValid.cb === 'function') {\n      this._onValidation.isValid.cb()\n    }\n    if (typeof this._onValidation.isValid.message === 'string') {\n      this.addMessage(this._onValidation.isValid.message, '-isValid')\n    }\n  } else {\n    this.element.classList.add(this.options.errorClass)\n\n    if (typeof this._onValidation.isInvalid.cb === 'function') {\n      this._onValidation.isInvalid.cb()\n    }\n\n    if (this.options.showFieldErrors) {\n      errors.filter(err => typeof err === 'string').forEach(err => {\n        this.addMessage(err, '-isError')\n      })\n    }\n\n    if (typeof this._onValidation.isInvalid.message === 'string') {\n      this.addMessage(this._onValidation.isInvalid.message, '-isError')\n    }\n  }\n\n  if (typeof this.options.formatter.post === 'function') {\n    this.options.formatter.post(this.input, dispatchEvent(this.input))\n  }\n\n  this.canValidate = true\n  return this._isValid\n}\n\n// EventTarget\nVPField.prototype.listeners = null\nVPField.prototype.addEventListener = events.addEventListener\nVPField.prototype.removeEventListener = events.removeEventListener\nVPField.prototype.dispatchEvent = events.dispatchEvent\n\n// DOM Messaging\nVPField.prototype.clearMessages = messaging.clearMessages\nVPField.prototype.removeMessage = messaging.removeMessage\nVPField.prototype.addMessage = messaging.addMessage('VPMessage')\n\nexport default VPField\n"]},"_coverageSchema":"332fd63041d2c1bcb487cc26dd0d5f7d97098a6c","hash":"e18e85303c24226c66ce0443e7c79c6c15182fb9"},"/Users/ryannjones/NGL/validplus/src/util/isElemVisible.js":{"path":"/Users/ryannjones/NGL/validplus/src/util/isElemVisible.js","statementMap":{"0":{"start":{"line":3,"column":2},"end":{"line":7,"column":3}},"1":{"start":{"line":4,"column":4},"end":{"line":4,"column":94}},"2":{"start":{"line":6,"column":4},"end":{"line":6,"column":16}}},"fnMap":{"0":{"name":"(anonymous_0)","decl":{"start":{"line":2,"column":15},"end":{"line":2,"column":16}},"loc":{"start":{"line":2,"column":34},"end":{"line":8,"column":1}},"line":2}},"branchMap":{"0":{"loc":{"start":{"line":3,"column":2},"end":{"line":7,"column":3}},"type":"if",
[...]
d":{"line":183,"column":48}},"type":"if","locations":[{"start":{"line":183,"column":2},"end":{"line":183,"column":48}},{"start":{"line":183,"column":2},"end":{"line":183,"column":48}}],"line":183},"24":{"loc":{"start":{"line":197,"column":2},"end":{"line":199,"column":3}},"type":"if","locations":[{"start":{"line":197,"column":2},"end":{"line":199,"column":3}},{"start":{"line":197,"column":2},"end":{"line":199,"column":3}}],"line":197},"25":{"loc":{"start":{"line":206,"column":19},"end":{"line":206,"column":91}},"type":"cond-expr","locations":[{"start":{"line":206,"column":72},"end":{"line":206,"column":84}},{"start":{"line":206,"column":87},"end":{"line":206,"column":91}}],"line":206},"26":{"loc":{"start":{"line":206,"column":19},"end":{"line":206,"column":69}},"type":"binary-expr","locations":[{"start":{"line":206,"column":19},"end":{"line":206,"column":39}},{"start":{"line":206,"column":43},"end":{"line":206,"column":69}}],"line":206},"27":{"loc":{"start":{"line":209,"column":2},"end":{"line":212,"column":3}},"type":"if","locations":[{"start":{"line":209,"column":2},"end":{"line":212,"column":3}},{"start":{"line":209,"column":2},"end":{"line":212,"column":3}}],"line":209},"28":{"loc":{"start":{"line":214,"column":18},"end":{"line":216,"column":3}},"type":"binary-expr","locations":[{"start":{"line":214,"column":18},"end":{"line":214,"column":44}},{"start":{"line":214,"column":48},"end":{"line":216,"column":3}}],"line":214},"29":{"loc":{"start":{"line":226,"column":2},"end":{"line":228,"column":3}},"type":"if","locations":[{"start":{"line":226,"column":2},"end":{"line":228,"column":3}},{"start":{"line":226,"column":2},"end":{"line":228,"column":3}}],"line":226},"30":{"loc":{"start":{"line":244,"column":13},"end":{"line":244,"column":85}},"type":"cond-expr","locations":[{"start":{"line":244,"column":66},"end":{"line":244,"column":78}},{"start":{"line":244,"column":81},"end":{"line":244,"column":85}}],"line":244},"31":{"loc":{"start":{"line":244,"column":13},"end":{"line":244,"column":63}},"type":"binary-expr","locations":[{"start":{"line":244,"column":13},"end":{"line":244,"column":33}},{"start":{"line":244,"column":37},"end":{"line":244,"column":63}}],"line":244},"32":{"loc":{"start":{"line":245,"column":2},"end":{"line":245,"column":47}},"type":"if","locations":[{"start":{"line":245,"column":2},"end":{"line":245,"column":47}},{"start":{"line":245,"column":2},"end":{"line":245,"column":47}}],"line":245},"33":{"loc":{"start":{"line":247,"column":2},"end":{"line":250,"column":3}},"type":"if","locations":[{"start":{"line":247,"column":2},"end":{"line":250,"column":3}},{"start":{"line":247,"column":2},"end":{"line":250,"column":3}}],"line":247},"34":{"loc":{"start":{"line":248,"column":12},"end":{"line":248,"column":123}},"type":"cond-expr","locations":[{"start":{"line":248,"column":55},"end":{"line":248,"column":82}},{"start":{"line":248,"column":85},"end":{"line":248,"column":123}}],"line":248},"35":{"loc":{"start":{"line":248,"column":12},"end":{"line":248,"column":52}},"type":"binary-expr","locations":[{"start":{"line":248,"column":12},"end":{"line":248,"column":25}},{"start":{"line":248,"column":29},"end":{"line":248,"column":52}}],"line":248},"36":{"loc":{"start":{"line":249,"column":4},"end":{"line":249,"column":39}},"type":"if","locations":[{"start":{"line":249,"column":4},"end":{"line":249,"column":39}},{"start":{"line":249,"column":4},"end":{"line":249,"column":39}}],"line":249}},"s":{"0":35,"1":7,"2":7,"3":2,"4":2,"5":2,"6":2,"7":5,"8":5,"9":5,"10":7,"11":7,"12":7,"13":7,"14":7,"15":0,"16":7,"17":7,"18":7,"19":7,"20":7,"21":3,"22":3,"23":0,"24":0,"25":0,"26":0,"27":35,"28":2,"29":2,"30":1,"31":1,"32":0,"33":0,"34":0,"35":0,"36":1,"37":1,"38":2,"39":0,"40":0,"41":0,"42":0,"43":2,"44":2,"45":2,"46":2,"47":0,"48":0,"49":0,"50":0,"51":0,"52":0,"53":2,"54":2,"55":2,"56":2,"57":0,"58":2,"59":4,"60":2,"61":2,"62":0,"63":2,"64":2,"65":0,"66":2,"67":0,"68":2,"69":35,"70":0,"71":0,"72":0,"73":0,"74":0,"75":35,"76":0,"77":0,"78":0,"79":0,"80":0,"81":0,"82":35,"83":0,"84":0,"85":0,"86":35,"87":6,"88":6,"89":6,"90":0,"91":0,"92":6,"93":0,"94":6,"95":6,"96":5,"97":6,"98":6,"99":0,"100":6,"101":35,"102":35,"103":35,"104":35,"105":35,"106":35,"107":35,"108":35,"109":11,"110":11,"111":11,"112":0,"113":0,"114":0,"115":0,"116":0},"f":{"0":7,"1":3,"2":3,"3":0,"4":0,"5":0,"6":0,"7":2,"8":1,"9":2,"10":4,"11":0,"12":0,"13":0,"14":0,"15":6,"16":0,"17":5,"18":11},"b":{"0":[5,2],"1":[7,5],"2":[2,5],"3":[0,7],"4":[1,1],"5":[0,1],"6":[0,0],"7":[0,2],"8":[0,0],"9":[0,0],"10":[2,0],"11":[0,2],"12":[0,0],"13":[0,0],"14":[0,0],"15":[2,0],"16":[2,0],"17":[0,2],"18":[0,2],"19":[0,2],"20":[0,2],"21":[0,0],"22":[0,0],"23":[0,0],"24":[0,0],"25":[0,6],"26":[6,0],"27":[0,6],"28":[6,0],"29":[0,6],"30":[6,5],"31":[11,6],"32":[11,0],"33":[0,0],"34":[0,0],"35":[0,0],"36":[0,0]},"inputSourceMap":{"version":3,"sources":["/Users/ryannjones/NGL/validplus/src/Validator.js"],"names":["VPFieldset","debug","mergeDeep","isElemVisible","events","messaging","Validator","options","form","_form","_strict","_fieldsets","ElementOrID","listeners","element","validateVisible","fieldsetClass","errorClass","messageAnchor","messagePOS","lazy","watch","scrollAnchor","scrollTo","validationInputs","Array","isArray","_options","concat","valiationInputs","_onValidation","isValid","cb","message","isInvalid","onValidation","_isValid","_messageNode","_messages","_strategies","fields","every","field","some","filter","length","prototype","fieldset","reduce","Element","classList","remove","addMessage","add","scrollElement","firstElement","f","scrollIntoView","addFieldset","Error","push","watchFieldset","_fieldset","addEventListener","e","emit","removeFieldset","index","indexOf","splice","createFieldset","fs","strategy","onValidate","_strategy","forEach","addField","removeEventListener","dispatchEvent","clearMessages","removeMessage","ElorID","getElemenyById","window","document","getElementById"],"mappings":";AAAA,OAAOA,UAAP,MAAuB,YAAvB;AAEA,OAAOC,KAAP,MAAkB,cAAlB;AACA,OAAOC,SAAP,MAAsB,kBAAtB;AACA,OAAOC,aAAP,MAA0B,sBAA1B;AAEA,OAAOC,MAAP,MAAmB,cAAnB;AACA,OAAOC,SAAP,MAAsB,iBAAtB;;AAGA,IAAMC,SAAS,GAAG,SAAZA,SAAY,CAAUC,OAAV,EAAgC;AAAA,MAAbC,IAAa,uEAAN,IAAM;;AAChD,MAAIA,IAAI,KAAK,IAAb,EAAmB;AACjBP,IAAAA,KAAK,CAAC,2CAAD,EACC,yDADD,CAAL;AAEA,SAAKQ,KAAL,GAAa,IAAb;AACA,SAAKC,OAAL,GAAe,KAAf,CAJiB,CAMjB;;AACA,SAAKC,UAAL,GAAkB,EAAlB;AACD,GARD,MAQO;AACL,SAAKF,KAAL,GAAaG,WAAW,CAACJ,IAAD,CAAxB,CADK,CAGL;;AACA,SAAKE,OAAL,GAAe,IAAf,CAJK,CAML;;AACA,SAAKC,UAAL,GAAkB,EAAlB,CAPK,CAOgB;AACtB;;AAED,OAAKE,SAAL,GAAiB,EAAjB,CAnBgD,CAoBhD;;AACA,OAAKC,OAAL,GAAe,KAAKL,KAApB;AACA,OAAKF,OAAL,GAAeL,SAAS,CAAC;AACvBa,IAAAA,eAAe,EAAE,IADM;AAEvBC,IAAAA,aAAa,EAAE,YAFQ;AAGvBC,IAAAA,UAAU,EAAE,UAHW;AAIvBC,IAAAA,aAAa,EAAE,IAJQ;AAKvBC,IAAAA,UAAU,EAAE,QALW;AAMvBC,IAAAA,IAAI,EAAE,IANiB;AAOvBC,IAAAA,KAAK,EAAE,KAPgB;AAQvBC,IAAAA,YAAY,EAAE,IARS;AASvBC,IAAAA,QAAQ,EAAE;AATa,GAAD,EAUrBhB,OAVqB,CAAxB;AAWA,OAAKiB,gBAAL,GAAwB,CACtB,OADsB,EACb,YADa,EACC,QADD,CAAxB;;AAGA,MAAIC,KAAK,CAACC,OAAN,CAAcnB,OAAO,CAACiB,gBAAtB,CAAJ,EAA6C;AAC3C,SAAKG,QAAL,CAAcH,gBAAd,GAAiC,KAAKG,QAAL,CAAcH,gBAAd,CAA+BI,MAA/B,CAAsCrB,OAAO,CAACsB,eAA9C,CAAjC;AACD,GAtC+C,CAwChD;AACA;;;AACA,OAAKC,aAAL,GAAqB5B,SAAS,CAAC;AAC7B6B,IAAAA,OAAO,EAAE;AACPC,MAAAA,EAAE,EAAE,IADG;AAEPC,MAAAA,OAAO,EAAE;AAFF,KADoB;AAK7BC,IAAAA,SAAS,EAAE;AACTF,MAAAA,EAAE,EAAE,IADK;AAETC,MAAAA,OAAO,EAAE;AAFA;AALkB,GAAD,EAS3B1B,OAAO,CAAC4B,YATmB,CAA9B;AAUA,OAAKC,QAAL,GAAgB,IAAhB;AAEA,OAAKC,YAAL,GAAoB,IAApB;AACA,OAAKC,SAAL,GAAiB,EAAjB;AAEA,OAAKC,WAAL,GAAmB;AACjB,WAAO,aAAAC,MAAM;AAAA,aAAIA,MAAM,CAACC,KAAP,CAAa,UAAAC,KAAK;AAAA,eAAIA,KAAK,KAAK,IAAd;AAAA,OAAlB,CAAJ;AAAA,KADI;AAEjB,YAAQ,cAAAF,MAAM;AAAA,aAAIA,MAAM,CAACG,IAAP,CAAY,UAAAD,KAAK;AAAA,eAAIA,KAAK,KAAK,IAAd;AAAA,OAAjB,CAAJ;AAAA,KAFG;AAGjB,WAAO,aAAAF,MAAM;AAAA,aAAIA,MAAM,CAACI,MAAP,CAAc,UAAAF,KAAK;AAAA,eAAIA,KAAK,KAAK,IAAd;AAAA,OAAnB,EAAuCG,MAAvC,KAAkD,CAAtD;AAAA;AAHI,GAAnB;AAKD,CA9DD;;AAgEAvC,SAAS,CAACwC,SAAV,CAAoBf,OAApB,GAA8B,YAAY;AAAA;;AACxC,MAAI,KAAKxB,OAAL,CAAaa,IAAjB,EAAuB;AACrB,SAAKgB,QAAL,GAAgB,KAAKzB,UAAL,CAAgB8B,KAAhB,CAAsB,UAAAM,QAAQ,EAAI;AAChD,UAAI,KAAI,CAACxC,OAAL,CAAaQ,eAAjB,EAAkC;AAChC,YAAGZ,aAAa,CAAC4C,QAAQ,CAACjC,OAAV,CAAhB,EAAoC;AAClCb,UAAAA,KAAK,CAAC,+CAAD,CAAL;AACA,iBAAO8C,QAAQ,CAAChB,OAAT,EAAP;AACD,SAHD,MAGO;AACL9B,UAAAA,KAAK,CAAC,wCAAD,EAA2C8C,QAA3C,CAAL;AACD;AACF,OAPD,MAOO;AACL,eAAOA,QAAQ,CAAChB,OAAT,EAAP;AACD;AACF,KAXe,CAAhB;AAYD,GAbD,MAaO;AACL,SAAKK,QAAL,GAAgB,KAAKzB,UAAL,CAAgBqC,MAAhB,CAAuB,UAACjB,OAAD,EAAUgB,QAAV,EAAuB;AAC5D,UAAI,KAAI,CAACxC,OAAL,CAAaQ,eAAjB,EAAkC;AAChC,YAAGZ,aAAa,CAAC4C,QAAQ,CAACjC,OAAV,CAAhB,EAAoC;AAClC,cAAI,CAACiC,QAAQ,CAAChB,OAAT,EAAL,EAAyB;AACvBA,YAAAA,OAAO,GAAG,KAAV;AACD,WAFD,MAEO;AACL9B,YAAAA,KAAK,CAAC,wCAAD,EAA2C8C,QAA3C,CAAL;AACD;AACF;AACF,OARD,MAQO;AACL,YAAI,CAACA,QAAQ,CAAChB,OAAT,EAAL,EAAyB;AACvBA,UAAAA,OAAO,GAAG,KAAV;AACD;AACF;;AAED,aAAOA,OAAP;AACD,KAhBe,EAgBb,IAhBa,CAAhB;AAiBD;;AAED,MAAI,KAAKK,QAAT,EAAmB;AACjB,QAAI,KAAKtB,OAAL,YAAwBmC,OAA5B,EAAqC;AACnC,WAAKnC,OAAL,CAAaoC,SAAb,CAAuBC,MAAvB,CAA8B,KAAK5C,OAAL,CAAaU,UAA3C;AACD;;AAED,QAAI,OAAO,KAAKa,aAAL,CAAmBC,OAAnB,CAA2BC,EAAlC,KAAyC,UAA7C,EAAyD;AACvD,WAAKF,aAAL,CAAmBC,OAAnB,CAA2BC,EAA3B;AACD;;AACD,QAAI,OAAO,KAAKF,aAAL,CAAmBC,OAAnB,CAA2BE,OAAlC,KAA8C,QAAlD,EAA4D;AAC1D,WAAKmB,UAAL,CAAgB,KAAKtB,aAAL,CAAmBC,OAAnB,CAA2BE,OAA3C,EAAoD,UAApD;AACD;AACF,GAXD,MAWO;AACL,QAAI,KAAKnB,OAAL,YAAwBmC,OAA5B,EAAqC;AACnC,WAAKnC,OAAL,CAAaoC,SAAb,CAAuBG,GAAvB,CAA2B,KAAK9C,OAAL,CAAaU,UAAxC;AACD;;AACD,QAAI,KAAKV,OAAL,CAAagB,QAAb,KAA0B,IAA9B,EAAoC;AAClC,UAAI+B,aAAJ;;AACA,UAAI,KAAK/C,OAAL,CAAae,YAAb,YAAqC2B,OAAzC,EAAkD;AAChDK,QAAAA,aAAa,GAAG,KAAK/C,OAAL,CAAae,YAA7B;AACD,OAFD,MAEO;AACL,YAAMiC,YAAY,GAAG,KAAK5C,UAAL,CAAgBiC,MAAhB,CAAuB,UAAAY,CAAC;AAAA,iBAAIA,CAAC,CAACpB,QAAF,KAAe,KAAnB;AAAA,SAAxB,EAAkD,CAAlD,CAArB;;AACAkB,QAAAA,aAAa,GAAGC,YAAY,CAACzC,OAA7B;AACD;;AAED,UAAI,OAAOwC,aAAa,CAACG,cAArB,KAAwC,UAA5C,EAAwD;AACtDH,QAAAA,aAAa,CAACG,cAAd;AACD,OAFD,MAEO;AACLxD,QAAAA,KAAK,CAAC,gCAAD,CAAL;AACD;AACF;;AAED,QAAI,OAAO,KAAK6B,aAAL,CAAmBI,SAAnB,CAA6BF,EAApC,KAA2C,UAA/C,EAA2D;AACzD,WAAKF,aAAL,CAAmBI,SAAnB,CAA6BF,EAA7B;AACD;;AACD,QAAI,OAAO,KAAKF,aAAL,CAAmBI,SAAnB,CAA6BD,OAApC,KAAgD,QAApD,EAA8D;AAC5D,WAAKmB,UAAL,CAAgB,KAAKtB,aAAL,CAAmBI,SAAnB,CAA6BD,OAA7C,EAAsD,UAAtD;AACD;AACF;;AAED,SAAO,KAAKG,QAAZ;AACD,CA1ED,C,CA4EA;AACA;;;AACA9B,SAAS,CAACwC,SAAV,CAAoBY,WAApB,GAAkC,UAAUX,QAAV,EAAoB;AACpD,MAAI,EAAEA,QAAQ,YAAY/C,UAAtB,CAAJ,EAAuC;AACrC,UAAM,IAAI2D,KAAJ,CAAU,uDAAV,CAAN;AACD;;AAED,OAAKhD,UAAL,CAAgBiD,IAAhB,CAAqBb,QAArB;;AACA,MAAI,KAAKxC,OAAL,CAAac,KAAb,KAAuB,IAA3B,EAAiC;AAC/B,SAAKwC,aAAL,CAAmBC,SAAnB;AACD;AAEF,CAVD,C,CAYA;;;AACAxD,SAAS,CAACwC,SAAV,CAAoBe,aAApB,GAAoC,UAAUd,QAAV,EAAoB;AAAA;;AACtD,MAAI,EAAEA,QAAQ,YAAY/C,UAAtB,CAAJ,EAAuC,OADe,CAGtD;AACA;;AACA+C,EAAAA,QAAQ,CAACgB,gBAAT,CAA0B,YAA1B,EAAwC,UAACC,CAAD,EAAIjC,OAAJ,EAAgB;AACtD,QAAMkC,IAAI,GAAG,MAAI,CAAC7B,QAAL,KAAkB,IAA/B;;AACA,IAAA,MAAI,CAACL,OAAL;AACD,GAHD;AAID,CATD,C,CAWA;;;AACAzB,SAAS,CAACwC,SAAV,CAAoBoB,cAApB,GAAqC,UAAUnB,QAAV,EAAoB;AACvD,MAAMoB,KAAK,GAAG,KAAKxD,UAAL,CAAgByD,OAAhB,CAAwBrB,QAAxB,CAAd;;AACA,MAAIoB,KAAK,KAAK,CAAC,CAAf,EAAkB;AAChB,SAAKxD,UAAL,GAAkB,KAAKA,UAAL,CAAgB0D,MAAhB,CAAuBF,KAAvB,EAA8B,CAA9B,CAAlB;AACD;AACF,CALD,C,CAOA;AACA;AACA;;;AACA7D,SAAS,CAACwC,SAAV,CAAoBwB,cAApB,GAAqC,UAAUC,EAAV,EAAcC,QAAd,EAAwBjE,OAAxB,EAAiCiC,MAAjC,EAA4D;AAAA,MAAnBiC,UAAmB,uEAAN,IAAM;AAC/F,MAAM1B,QAAQ,GAAGnC,WAAW,CAAC2D,EAAD,EAAK,KAAK9D,KAAV,CAA5B;;AAEA,MAAIsC,QAAQ,KAAK,IAAjB,EAAuB;AACrB9C,IAAAA,KAAK,CAAC,oDAAD,CAAL;AACA,WAAO,KAAP;AACD;;AAED,MAAMyE,SAAS,GAAG,KAAKnC,WAAL,CAAiBiC,QAAjB,KAA8B,YAAY;AAC1D,UAAM,IAAIb,KAAJ,CAAU,yCAAV,CAAN;AACD,GAFD;;AAGA,MAAMG,SAAS,GAAG,IAAI9D,UAAJ,CAAe+C,QAAf,EAAyB2B,SAAzB,EAAoCnE,OAApC,EAA6CkE,UAA7C,CAAlB;;AACAjC,EAAAA,MAAM,CAACmC,OAAP,CAAe,UAAAjC,KAAK,EAAI;AACtBoB,IAAAA,SAAS,CAACc,QAAV,CAAmBlC,KAAnB;AACD,GAFD;;AAIA,OAAK/B,UAAL,CAAgBiD,IAAhB,CAAqBE,SAArB;;AACA,MAAI,KAAKvD,OAAL,CAAac,KAAb,KAAuB,IAA3B,EAAiC;AAC/B,SAAKwC,aAAL,CAAmBC,SAAnB;AACD;;AAED,SAAOA,SAAP;AACD,CAtBD,C,CAwBA;;;AACAxD,SAAS,CAACwC,SAAV,CAAoBjC,SAApB,GAAgC,IAAhC;AACAP,SAAS,CAACwC,SAAV,CAAoBiB,gBAApB,GAAuC3D,MAAM,CAAC2D,gBAA9C;AACAzD,SAAS,CAACwC,SAAV,CAAoB+B,mBAApB,GAA0CzE,MAAM,CAACyE,mBAAjD;AACAvE,SAAS,CAACwC,SAAV,CAAoBgC,aAApB,GAAoC1E,MAAM,CAAC0E,aAA3C,C,CAEA;;AACAxE,SAAS,CAACwC,SAAV,CAAoBiC,aAApB,GAAoC1E,SAAS,CAAC0E,aAA9C;AACAzE,SAAS,CAACwC,SAAV,CAAoBkC,aAApB,GAAoC3E,SAAS,CAAC2E,aAA9C;AACA1E,SAAS,CAACwC,SAAV,CAAoBM,UAApB,GAAiC/C,SAAS,CAAC+C,UAAV,CAAqB,WAArB,CAAjC,C,CAEA;;AACA,IAAMxC,WAAW,GAAG,SAAdA,WAAc,CAAUqE,MAAV,EAA+B;AAAA,MAAbzE,IAAa,uEAAN,IAAM;AACjD,MAAIyE,MAAM,YAAYhC,OAAtB,EAA+B,OAAOgC,MAAP;;AAC/B,MAAI,OAAOA,MAAP,KAAkB,QAAtB,EAAgC;AAC9B,QAAIzB,CAAC,GAAIhD,IAAI,KAAK,IAAT,IAAiBA,IAAI,YAAYyC,OAAlC,GACJzC,IAAI,CAAC0E,cAAL,CAAoBD,MAApB,CADI,GAEJE,MAAM,CAACC,QAAP,CAAgBC,cAAhB,CAA+BJ,MAA/B,CAFJ;AAIA,QAAIzB,CAAC,YAAYP,OAAjB,EAA0B,OAAOO,CAAP;AAC3B;;AAED,SAAO,IAAP;AACD,CAXD;;AAaA,eAAelD,SAAf","sourcesContent":["import VPFieldset from './Fieldset'\n\nimport debug from './util/debug'\nimport mergeDeep from './util/mergeDeep'\nimport isElemVisible from './util/isElemVisible'\n\nimport events from './lib/events'\nimport messaging from './lib/messaging'\n\n\nconst Validator = function (options, form = null) {\n  if (form === null) {\n    debug('[Validator] Non-strict fieldset matching.',\n          'Provide a form Element or ID to enable strict matching.')\n    this._form = null\n    this._strict = false\n\n    // Fieldsets being tracked by Validator\n    this._fieldsets = []\n  } else {\n    this._form = ElementOrID(form)\n\n    // TODO: Add strict support (can only add elements contained within the field)\n    this._strict = true\n\n    // TODO: Add child detection\n    this._fieldsets = [] // GetChildFieldsets\n  }\n\n  this.listeners = {}\n  // Conform to the child interfaces for messaging\n  this.element = this._form\n  this.options = mergeDeep({\n    validateVisible: true,\n    fieldsetClass: 'VPFieldset',\n    errorClass: '-isError',\n    messageAnchor: null,\n    messagePOS: 'bottom',\n    lazy: true,\n    watch: false,\n    scrollAnchor: null,\n    scrollTo: true\n  }, options)\n  this.validationInputs = [\n    'input', 'messagebox', 'select'\n  ]\n  if (Array.isArray(options.validationInputs)) {\n    this._options.validationInputs = this._options.validationInputs.concat(options.valiationInputs)\n  }\n\n  // TODO: Validate options\n  // TODO: Allow toggling options on whether to show messages or fire callbacks\n  this._onValidation = mergeDeep({\n    isValid: {\n      cb: null,\n      message: null\n    },\n    isInvalid: {\n      cb: null,\n      message: null\n    }\n  }, options.onValidation)\n  this._isValid = null\n\n  this._messageNode = null\n  this._messages = []\n\n  this._strategies = {\n    'all': fields => fields.every(field => field === true),\n    'some': fields => fields.some(field => field === true),\n    'one': fields => fields.filter(field => field === true).length === 1\n  }\n}\n\nValidator.prototype.isValid = function () {\n  if (this.options.lazy) {\n    this._isValid = this._fieldsets.every(fieldset => {\n      if (this.options.validateVisible) {\n        if(isElemVisible(fieldset.element)) {\n          debug('[VPValidator] Fieldset is visible, continuing')\n          return fieldset.isValid()\n        } else {\n          debug('[VPValidator] Skipping hidden fieldset', fieldset)\n        }\n      } else {\n        return fieldset.isValid()\n      }\n    })\n  } else {\n    this._isValid = this._fieldsets.reduce((isValid, fieldset) => {\n      if (this.options.validateVisible) {\n        if(isElemVisible(fieldset.element)) {\n          if (!fieldset.isValid()) {\n            isValid = false\n          } else {\n            debug('[VPValidator] Skipping hidden fieldset', fieldset)\n          }\n        }\n      } else {\n        if (!fieldset.isValid()) {\n          isValid = false\n        }\n      }\n\n      return isValid\n    }, true)\n  }\n\n  if (this._isValid) {\n    if (this.element instanceof Element) {\n      this.element.classList.remove(this.options.errorClass)\n    }\n\n    if (typeof this._onValidation.isValid.cb === 'function') {\n      this._onValidation.isValid.cb()\n    }\n    if (typeof this._onValidation.isValid.message === 'string') {\n      this.addMessage(this._onValidation.isValid.message, '-isValid')\n    }\n  } else {\n    if (this.element instanceof Element) {\n      this.element.classList.add(this.options.errorClass)\n    }\n    if (this.options.scrollTo === true) {\n      let scrollElement\n      if (this.options.scrollAnchor instanceof Element) {\n        scrollElement = this.options.scrollAnchor\n      } else {\n        const firstElement = this._fieldsets.filter(f => f._isValid === false)[0]\n        scrollElement = firstElement.element\n      }\n\n      if (typeof scrollElement.scrollIntoView === 'function') {\n        scrollElement.scrollIntoView()\n      } else {\n        debug('[VP] Element Scrolling failed.')\n      }\n    }\n\n    if (typeof this._onValidation.isInvalid.cb === 'function') {\n      this._onValidation.isInvalid.cb()\n    }\n    if (typeof this._onValidation.isInvalid.message === 'string') {\n      this.addMessage(this._onValidation.isInvalid.message, '-isValid')\n    }\n  }\n\n  return this._isValid\n}\n\n// TODO: Child state checks\n// TODO: Add MutationObserver on children\nValidator.prototype.addFieldset = function (fieldset) {\n  if (!(fieldset instanceof VPFieldset)) {\n    throw new Error('[Validator] Fieldset must be an instanceof VPFieldset')\n  }\n\n  this._fieldsets.push(fieldset)\n  if (this.options.watch === true) {\n    this.watchFieldset(_fieldset)\n  }\n\n}\n\n// TODO: method to remove watchers\nValidator.prototype.watchFieldset = function (fieldset) {\n  if (!(fieldset instanceof VPFieldset)) return\n\n  // TODO: Optimize by tracking state and only revalidating\n  // if internal state changes. Currently wasteful\n  fieldset.addEventListener('onValidate', (e, isValid) => {\n    const emit = this._isValid !== null\n    this.isValid()\n  })\n}\n\n// TODO: Remove MutationObserver on children\nValidator.prototype.removeFieldset = function (fieldset) {\n  const index = this._fieldsets.indexOf(fieldset)\n  if (index !== -1) {\n    this._fieldsets = this._fieldsets.splice(index, 1)\n  }\n}\n\n// TODO: Append Predefined Fields w/ CB logic\n// TODO: Validate onValidate structure\n// TODO: Add MutationObserver on children\nValidator.prototype.createFieldset = function (fs, strategy, options, fields, onValidate = null) {\n  const fieldset = ElementOrID(fs, this._form)\n\n  if (fieldset === null) {\n    debug('[Validator] Requires a valid fieldset HTMLElement.')\n    return false\n  }\n\n  const _strategy = this._strategies[strategy] || function () {\n    throw new Error('[Validator] Invalid Validation Strategy')\n  }\n  const _fieldset = new VPFieldset(fieldset, _strategy, options, onValidate)\n  fields.forEach(field => {\n    _fieldset.addField(field)\n  })\n\n  this._fieldsets.push(_fieldset)\n  if (this.options.watch === true) {\n    this.watchFieldset(_fieldset)\n  }\n\n  return _fieldset\n}\n\n// EventTarget\nValidator.prototype.listeners = null\nValidator.prototype.addEventListener = events.addEventListener\nValidator.prototype.removeEventListener = events.removeEventListener\nValidator.prototype.dispatchEvent = events.dispatchEvent\n\n// DOM Messaging\nValidator.prototype.clearMessages = messaging.clearMessages\nValidator.prototype.removeMessage = messaging.removeMessage\nValidator.prototype.addMessage = messaging.addMessage('VPMessage')\n\n// TODO: Strict enforcement\nconst ElementOrID = function (ElorID, form = null) {\n  if (ElorID instanceof Element) return ElorID\n  if (typeof ElorID === 'string') {\n    let f = (form !== null && form instanceof Element)\n      ? form.getElemenyById(ElorID)\n      : window.document.getElementById(ElorID)\n\n    if (f instanceof Element) return f\n  }\n\n  return null\n}\n\nexport default Validator\n"]},"_coverageSchema":"332fd63041d2c1bcb487cc26dd0d5f7d97098a6c","hash":"fa1042f6ddd336b4f891fe2ea54bbd6aa7a3f567"}}