TN:
SF:/Users/ryannjones/NGL/validplus/src/Field.js
FN:8,filterNullObj
FN:9,(anonymous_1)
FN:20,isValidRule
FN:23,toBoolean
FN:31,dispatchEvent
FN:31,(anonymous_5)
FN:35,VPField
FN:88,(anonymous_7)
FN:103,(anonymous_8)
FN:121,(anonymous_9)
FN:131,(anonymous_10)
FN:158,(anonymous_11)
FN:198,(anonymous_12)
FN:219,(anonymous_13)
FN:271,(anonymous_14)
FN:294,(anonymous_15)
FN:294,(anonymous_16)
FNF:17
FNH:13
FNDA:48,filterNullObj
FNDA:288,(anonymous_1)
FNDA:288,isValidRule
FNDA:93,toBoolean
FNDA:3,dispatchEvent
FNDA:2,(anonymous_5)
FNDA:31,VPField
FNDA:0,(anonymous_7)
FNDA:13,(anonymous_8)
FNDA:3,(anonymous_9)
FNDA:48,(anonymous_10)
FNDA:31,(anonymous_11)
FNDA:48,(anonymous_12)
FNDA:0,(anonymous_13)
FNDA:42,(anonymous_14)
FNDA:0,(anonymous_15)
FNDA:0,(anonymous_16)
DA:8,35
DA:9,48
DA:10,288
DA:12,288
DA:14,27
DA:17,288
DA:20,35
DA:21,288
DA:23,93
DA:24,93
DA:26,5
DA:27,3
DA:28,0
DA:31,35
DA:32,2
DA:35,35
DA:36,31
DA:37,0
DA:40,31
DA:41,31
DA:42,31
DA:43,31
DA:44,31
DA:67,31
DA:77,31
DA:79,31
DA:80,31
DA:81,31
DA:82,31
DA:84,31
DA:85,31
DA:86,29
DA:87,27
DA:88,2
DA:89,0
DA:90,0
DA:93,0
DA:94,0
DA:96,0
DA:97,0
DA:98,0
DA:103,25
DA:104,13
DA:105,7
DA:108,13
DA:109,4
DA:111,4
DA:112,4
DA:113,2
DA:120,29
DA:121,28
DA:122,3
DA:124,3
DA:125,3
DA:131,35
DA:132,48
DA:133,0
DA:136,48
DA:145,48
DA:149,48
DA:158,35
DA:159,31
DA:161,31
DA:162,31
DA:163,31
DA:165,31
DA:166,31
DA:167,31
DA:169,31
DA:198,48
DA:199,48
DA:200,48
DA:201,2
DA:204,48
DA:213,336
DA:215,48
DA:216,48
DA:217,0
DA:218,48
DA:219,48
DA:220,0
DA:221,0
DA:224,0
DA:228,48
DA:229,4
DA:233,48
DA:234,4
DA:238,48
DA:239,6
DA:243,48
DA:244,8
DA:248,48
DA:249,9
DA:256,48
DA:260,4
DA:261,2
DA:263,4
DA:265,44
DA:266,9
DA:270,48
DA:271,48
DA:273,48
DA:274,0
DA:277,48
DA:278,26
DA:280,26
DA:281,0
DA:283,26
DA:284,0
DA:287,22
DA:289,22
DA:290,0
DA:293,22
DA:294,0
DA:295,0
DA:299,22
DA:300,19
DA:304,48
DA:305,1
DA:308,48
DA:309,48
DA:313,35
DA:314,35
DA:315,35
DA:319,35
DA:320,35
DA:321,35
LF:127
LH:107
BRDA:12,0,0,27
BRDA:12,0,1,261
BRDA:12,1,0,288
BRDA:12,1,1,27
BRDA:21,2,0,288
BRDA:21,2,1,203
BRDA:23,3,0,93
BRDA:23,3,1,0
BRDA:23,4,0,93
BRDA:23,4,1,93
BRDA:24,5,0,88
BRDA:24,5,1,5
BRDA:24,6,0,93
BRDA:24,6,1,5
BRDA:26,7,0,2
BRDA:26,7,1,3
BRDA:27,8,0,3
BRDA:27,8,1,0
BRDA:35,9,0,27
BRDA:35,9,1,4
BRDA:35,10,0,31
BRDA:35,10,1,29
BRDA:36,11,0,0
BRDA:36,11,1,31
BRDA:85,12,0,29
BRDA:85,12,1,2
BRDA:86,13,0,27
BRDA:86,13,1,2
BRDA:87,14,0,2
BRDA:87,14,1,25
BRDA:89,15,0,0
BRDA:89,15,1,0
BRDA:93,16,0,0
BRDA:93,16,1,0
BRDA:93,17,0,0
BRDA:93,17,1,0
BRDA:97,18,0,0
BRDA:97,18,1,0
BRDA:104,19,0,7
BRDA:104,19,1,6
BRDA:108,20,0,4
BRDA:108,20,1,9
BRDA:108,21,0,13
BRDA:108,21,1,10
BRDA:112,22,0,2
BRDA:112,22,1,2
BRDA:120,23,0,28
BRDA:120,23,1,1
BRDA:132,24,0,0
BRDA:132,24,1,48
BRDA:146,25,0,1
BRDA:146,25,1,47
BRDA:153,26,0,48
BRDA:153,26,1,48
BRDA:153,26,2,48
BRDA:165,27,0,29
BRDA:165,27,1,2
BRDA:166,28,0,0
BRDA:166,28,1,31
BRDA:167,29,0,0
BRDA:167,29,1,31
BRDA:200,30,0,2
BRDA:200,30,1,46
BRDA:216,31,0,0
BRDA:216,31,1,48
BRDA:218,32,0,48
BRDA:218,32,1,0
BRDA:220,33,0,0
BRDA:220,33,1,0
BRDA:228,34,0,4
BRDA:228,34,1,44
BRDA:230,35,0,2
BRDA:230,35,1,2
BRDA:233,36,0,4
BRDA:233,36,1,44
BRDA:235,37,0,2
BRDA:235,37,1,2
BRDA:238,38,0,6
BRDA:238,38,1,42
BRDA:240,39,0,4
BRDA:240,39,1,2
BRDA:243,40,0,8
BRDA:243,40,1,40
BRDA:245,41,0,5
BRDA:245,41,1,3
BRDA:248,42,0,9
BRDA:248,42,1,39
BRDA:252,43,0,3
BRDA:252,43,1,6
BRDA:250,44,0,3
BRDA:250,44,1,6
BRDA:257,45,0,4
BRDA:257,45,1,4
BRDA:257,45,2,44
BRDA:260,46,0,2
BRDA:260,46,1,2
BRDA:260,47,0,4
BRDA:260,47,1,2
BRDA:261,48,0,1
BRDA:261,48,1,1
BRDA:265,49,0,9
BRDA:265,49,1,35
BRDA:265,50,0,44
BRDA:265,50,1,9
BRDA:266,51,0,3
BRDA:266,51,1,6
BRDA:273,52,0,0
BRDA:273,52,1,48
BRDA:277,53,0,26
BRDA:277,53,1,22
BRDA:280,54,0,0
BRDA:280,54,1,26
BRDA:283,55,0,0
BRDA:283,55,1,26
BRDA:289,56,0,0
BRDA:289,56,1,22
BRDA:293,57,0,0
BRDA:293,57,1,22
BRDA:299,58,0,19
BRDA:299,58,1,3
BRDA:304,59,0,1
BRDA:304,59,1,47
BRF:122
BRH:99
end_of_record
TN:
SF:/Users/ryannjones/NGL/validplus/src/Fieldset.js
FN:18,VPFieldset
FN:58,(anonymous_1)
FN:59,(anonymous_2)
FN:93,(anonymous_3)
FN:112,(anonymous_4)
FN:123,(anonymous_5)
FN:130,(anonymous_6)
FN:140,(anonymous_7)
FN:153,(anonymous_8)
FN:167,(anonymous_9)
FN:172,(anonymous_10)
FNF:11
FNH:7
FNDA:12,VPFieldset
FNDA:6,(anonymous_1)
FNDA:6,(anonymous_2)
FNDA:3,(anonymous_3)
FNDA:0,(anonymous_4)
FNDA:9,(anonymous_5)
FNDA:0,(anonymous_6)
FNDA:7,(anonymous_7)
FNDA:2,(anonymous_8)
FNDA:0,(anonymous_9)
FNDA:0,(anonymous_10)
DA:18,35
DA:19,12
DA:20,1
DA:23,11
DA:24,1
DA:27,10
DA:28,10
DA:29,10
DA:30,10
DA:41,10
DA:51,10
DA:52,10
DA:54,10
DA:55,10
DA:58,35
DA:59,6
DA:60,6
DA:61,6
DA:62,3
DA:63,0
DA:64,0
DA:66,3
DA:69,3
DA:72,6
DA:75,6
DA:76,6
DA:77,6
DA:78,3
DA:80,3
DA:81,0
DA:83,3
DA:84,1
DA:87,3
DA:88,3
DA:89,3
DA:90,0
DA:93,3
DA:94,3
DA:96,0
DA:101,3
DA:102,0
DA:104,3
DA:105,0
DA:109,6
DA:112,35
DA:113,0
DA:114,0
DA:117,0
DA:118,0
DA:119,0
DA:123,35
DA:124,9
DA:125,0
DA:130,9
DA:131,0
DA:132,0
DA:134,0
DA:135,0
DA:141,7
DA:142,0
DA:144,7
DA:146,7
DA:147,7
DA:148,7
DA:153,35
DA:154,2
DA:155,0
DA:158,2
DA:159,2
DA:160,2
DA:161,2
DA:164,2
DA:167,0
DA:168,0
DA:169,0
DA:172,0
DA:173,0
DA:174,0
DA:175,0
DA:178,0
DA:184,35
DA:185,35
DA:186,35
DA:190,35
DA:191,35
DA:192,35
LF:86
LH:59
BRDA:18,0,0,7
BRDA:18,0,1,5
BRDA:18,1,0,12
BRDA:18,1,1,7
BRDA:19,2,0,1
BRDA:19,2,1,11
BRDA:23,3,0,1
BRDA:23,3,1,10
BRDA:61,4,0,3
BRDA:61,4,1,3
BRDA:62,5,0,0
BRDA:62,5,1,3
BRDA:77,6,0,3
BRDA:77,6,1,3
BRDA:80,7,0,0
BRDA:80,7,1,3
BRDA:83,8,0,1
BRDA:83,8,1,2
BRDA:88,9,0,3
BRDA:88,9,1,0
BRDA:89,10,0,0
BRDA:89,10,1,3
BRDA:94,11,0,0
BRDA:94,11,1,3
BRDA:94,12,0,3
BRDA:94,12,1,3
BRDA:101,13,0,0
BRDA:101,13,1,3
BRDA:104,14,0,0
BRDA:104,14,1,3
BRDA:113,15,0,0
BRDA:113,15,1,0
BRDA:118,16,0,0
BRDA:118,16,1,0
BRDA:124,17,0,0
BRDA:124,17,1,9
BRDA:134,18,0,0
BRDA:134,18,1,0
BRDA:141,19,0,0
BRDA:141,19,1,7
BRDA:147,20,0,7
BRDA:147,20,1,0
BRDA:154,21,0,0
BRDA:154,21,1,2
BRDA:160,22,0,2
BRDA:160,22,1,0
BRDA:174,23,0,0
BRDA:174,23,1,0
BRF:48
BRH:28
end_of_record
TN:
SF:/Users/ryannjones/NGL/validplus/src/Validator.js
FN:11,Validator
FN:69,all
FN:69,(anonymous_2)
FN:70,some
FN:70,(anonymous_4)
FN:71,one
FN:71,(anonymous_6)
FN:75,(anonymous_7)
FN:77,(anonymous_8)
FN:90,(anonymous_9)
FN:129,(anonymous_10)
FN:153,(anonymous_11)
FN:166,(anonymous_12)
FN:171,(anonymous_13)
FN:178,(anonymous_14)
FN:188,(anonymous_15)
FN:196,(anonymous_16)
FN:200,(anonymous_17)
FN:224,ElementOrID
FNF:19
FNH:10
FNDA:7,Validator
FNDA:3,all
FNDA:3,(anonymous_2)
FNDA:0,some
FNDA:0,(anonymous_4)
FNDA:0,one
FNDA:0,(anonymous_6)
FNDA:2,(anonymous_7)
FNDA:1,(anonymous_8)
FNDA:2,(anonymous_9)
FNDA:4,(anonymous_10)
FNDA:0,(anonymous_11)
FNDA:0,(anonymous_12)
FNDA:0,(anonymous_13)
FNDA:0,(anonymous_14)
FNDA:6,(anonymous_15)
FNDA:0,(anonymous_16)
FNDA:5,(anonymous_17)
FNDA:11,ElementOrID
DA:11,35
DA:12,7
DA:13,2
DA:15,2
DA:16,2
DA:19,2
DA:21,5
DA:24,5
DA:27,5
DA:30,7
DA:32,7
DA:33,7
DA:44,7
DA:47,7
DA:48,0
DA:53,7
DA:63,7
DA:65,7
DA:66,7
DA:68,7
DA:69,3
DA:70,0
DA:71,0
DA:75,2
DA:76,2
DA:77,1
DA:78,1
DA:79,0
DA:80,0
DA:81,0
DA:83,0
DA:86,1
DA:90,1
DA:91,2
DA:92,0
DA:93,0
DA:94,0
DA:96,0
DA:100,2
DA:101,2
DA:105,2
DA:109,2
DA:110,0
DA:111,0
DA:114,0
DA:115,0
DA:117,0
DA:118,0
DA:121,2
DA:122,2
DA:124,2
DA:126,2
DA:127,0
DA:129,4
DA:130,2
DA:133,2
DA:134,0
DA:136,2
DA:140,2
DA:141,0
DA:143,2
DA:144,0
DA:148,2
DA:154,0
DA:155,0
DA:158,0
DA:159,0
DA:160,0
DA:166,0
DA:167,0
DA:171,0
DA:172,0
DA:173,0
DA:179,0
DA:180,0
DA:181,0
DA:188,6
DA:189,6
DA:191,6
DA:192,0
DA:193,0
DA:196,6
DA:197,0
DA:199,6
DA:200,6
DA:201,5
DA:204,6
DA:205,6
DA:206,0
DA:209,6
DA:213,35
DA:214,35
DA:215,35
DA:219,35
DA:220,35
DA:224,35
DA:225,11
DA:226,0
DA:227,0
DA:231,0
DA:234,0
LF:101
LH:59
BRDA:11,0,0,5
BRDA:11,0,1,2
BRDA:11,1,0,7
BRDA:11,1,1,5
BRDA:12,2,0,2
BRDA:12,2,1,5
BRDA:47,3,0,0
BRDA:47,3,1,7
BRDA:76,4,0,1
BRDA:76,4,1,1
BRDA:78,5,0,0
BRDA:78,5,1,1
BRDA:79,6,0,0
BRDA:79,6,1,0
BRDA:91,7,0,0
BRDA:91,7,1,2
BRDA:92,8,0,0
BRDA:92,8,1,0
BRDA:93,9,0,0
BRDA:93,9,1,0
BRDA:100,10,0,2
BRDA:100,10,1,0
BRDA:109,11,0,0
BRDA:109,11,1,2
BRDA:110,12,0,0
BRDA:110,12,1,0
BRDA:114,13,0,0
BRDA:114,13,1,0
BRDA:117,14,0,0
BRDA:117,14,1,0
BRDA:121,15,0,2
BRDA:121,15,1,0
BRDA:124,16,0,2
BRDA:124,16,1,0
BRDA:126,17,0,0
BRDA:126,17,1,2
BRDA:133,18,0,0
BRDA:133,18,1,2
BRDA:140,19,0,0
BRDA:140,19,1,2
BRDA:143,20,0,0
BRDA:143,20,1,2
BRDA:154,21,0,0
BRDA:154,21,1,0
BRDA:159,22,0,0
BRDA:159,22,1,0
BRDA:167,23,0,0
BRDA:167,23,1,0
BRDA:180,24,0,0
BRDA:180,24,1,0
BRDA:188,25,0,0
BRDA:188,25,1,6
BRDA:188,26,0,6
BRDA:188,26,1,0
BRDA:191,27,0,0
BRDA:191,27,1,6
BRDA:196,28,0,6
BRDA:196,28,1,0
BRDA:205,29,0,0
BRDA:205,29,1,6
BRDA:224,30,0,6
BRDA:224,30,1,5
BRDA:224,31,0,11
BRDA:224,31,1,6
BRDA:225,32,0,11
BRDA:225,32,1,0
BRDA:226,33,0,0
BRDA:226,33,1,0
BRDA:228,34,0,0
BRDA:228,34,1,0
BRDA:227,35,0,0
BRDA:227,35,1,0
BRDA:231,36,0,0
BRDA:231,36,1,0
BRF:74
BRH:29
end_of_record
TN:
SF:/Users/ryannjones/NGL/validplus/src/lib/events.js
FN:1,addEventListener
FN:7,removeEventListener
FN:18,dispatchEvent
FNF:3
FNH:2
FNDA:9,addEventListener
FNDA:0,removeEventListener
FNDA:5,dispatchEvent
DA:1,1
DA:2,9
DA:3,9
DA:5,9
DA:7,1
DA:8,0
DA:10,0
DA:11,0
DA:12,0
DA:13,0
DA:14,0
DA:18,1
DA:19,5
DA:21,0
DA:22,0
DA:23,0
DA:26,0
LF:17
LH:7
BRDA:2,0,0,9
BRDA:2,0,1,0
BRDA:8,1,0,0
BRDA:8,1,1,0
BRDA:12,2,0,0
BRDA:12,2,1,0
BRDA:19,3,0,5
BRDA:19,3,1,0
BRF:8
BRH:2
end_of_record
TN:
SF:/Users/ryannjones/NGL/validplus/src/lib/messaging.js
FN:3,clearMessages
FN:11,removeMessage
FN:14,(anonymous_2)
FN:22,addMessage
FN:23,(anonymous_4)
FN:45,(anonymous_5)
FNF:6
FNH:3
FNDA:54,clearMessages
FNDA:0,removeMessage
FNDA:0,(anonymous_2)
FNDA:105,addMessage
FNDA:20,(anonymous_4)
FNDA:0,(anonymous_5)
DA:3,1
DA:4,54
DA:6,14
DA:7,13
DA:11,1
DA:12,0
DA:14,0
DA:15,0
DA:16,0
DA:22,1
DA:23,105
DA:24,20
DA:25,20
DA:27,20
DA:28,17
DA:29,17
DA:30,17
DA:32,17
DA:33,17
DA:35,0
DA:36,0
DA:39,17
DA:42,17
DA:44,3
DA:45,0
DA:46,3
LF:26
LH:19
BRDA:4,0,0,40
BRDA:4,0,1,14
BRDA:12,1,0,0
BRDA:12,1,1,0
BRDA:15,2,0,0
BRDA:15,2,1,0
BRDA:27,3,0,17
BRDA:27,3,1,3
BRDA:29,4,0,17
BRDA:29,4,1,17
BRDA:30,5,0,0
BRDA:30,5,1,17
BRDA:34,6,0,0
BRDA:34,6,1,17
BRDA:34,6,2,17
BRDA:44,7,0,3
BRDA:44,7,1,0
BRF:17
BRH:10
end_of_record
TN:
SF:/Users/ryannjones/NGL/validplus/src/util/createEvent.js
FN:1,(anonymous_0)
FNF:1
FNH:1
FNDA:7,(anonymous_0)
DA:3,7
DA:4,7
DA:6,0
DA:7,0
DA:10,7
LF:5
LH:3
BRDA:3,0,0,7
BRDA:3,0,1,0
BRF:2
BRH:1
end_of_record
TN:
SF:/Users/ryannjones/NGL/validplus/src/util/debug.js
FN:2,(anonymous_0)
FN:3,(anonymous_1)
FNF:2
FNH:1
FNDA:0,(anonymous_0)
FNDA:80,(anonymous_1)
DA:2,0
DA:3,80
LF:2
LH:1
BRDA:2,0,0,0
BRDA:2,0,1,1
BRF:2
BRH:1
end_of_record
TN:
SF:/Users/ryannjones/NGL/validplus/src/util/generateElement.js
FN:1,(anonymous_0)
FNF:1
FNH:1
FNDA:37,(anonymous_0)
DA:2,37
DA:3,37
DA:4,37
DA:6,37
LF:4
LH:4
BRF:0
BRH:0
end_of_record
TN:
SF:/Users/ryannjones/NGL/validplus/src/util/isElemVisible.js
FN:2,(anonymous_0)
FNF:1
FNH:1
FNDA:3,(anonymous_0)
DA:3,3
DA:4,3
DA:6,0
LF:3
LH:2
BRDA:3,0,0,3
BRDA:3,0,1,0
BRDA:4,1,0,3
BRDA:4,1,1,3
BRDA:4,1,2,3
BRF:5
BRH:4
end_of_record
TN:
SF:/Users/ryannjones/NGL/validplus/src/util/mergeDeep.js
FN:6,isObject
FN:15,mergeDeep
FNF:2
FNH:2
FNDA:201,isObject
FNDA:154,mergeDeep
DA:6,1
DA:7,201
DA:15,154
DA:16,154
DA:17,77
DA:19,77
DA:20,64
DA:21,47
DA:22,22
DA:23,22
DA:25,25
DA:30,77
LF:12
LH:12
BRDA:7,0,0,201
BRDA:7,0,1,185
BRDA:7,0,2,163
BRDA:16,1,0,77
BRDA:16,1,1,77
BRDA:19,2,0,64
BRDA:19,2,1,13
BRDA:19,3,0,77
BRDA:19,3,1,77
BRDA:21,4,0,22
BRDA:21,4,1,25
BRDA:22,5,0,0
BRDA:22,5,1,22
BRF:13
BRH:12
end_of_record
